>> training arguments:
>> mode: train
>> suffix: hfl-bert-adapter
>> model_name: mug
>> pretrained_model_name_or_path: plms/roberta-base-hfl
>> train_data_name: lasted
>> test_data_name: lasted
>> data_dir: datasets
>> output_dir: outputs/hfl_bert_adapter
>> cache_dir: caches
>> embed_learning_rate: 5e-05
>> embed_weight_decay: 0.0
>> learning_rate: 0.0005
>> weight_decay: 0.0
>> hidden_size: 768
>> sentiment_size: 4
>> tag_size: 3
>> batch_size: 12
>> max_length: 150
>> num_repeats: 1
>> num_train_epochs: 20
>> num_patience_epochs: 5
>> warmup_ratio: 0.1
>> max_grad_norm: 1.0
>> log_interval: 50
>> seed: 776
>> use_adapter: True
>> train_data_dir: datasets/lasted
>> test_data_dir: datasets/lasted
>> num_gpus: 1
>> device: cuda
>> model_class: <class 'models.mug.MuG'>
>> input_fields: ['text_indices', 'text_mask', 'target_indices', 'opinion_indices', 'sentiment_indices']
>> loading cached tokenizer from plms/roberta-base-hfl
>> loading cached embedding from plms/roberta-base-hfl
>> building data
*************************training on lasted**************************
###############################repeat 1###############################
>>>>>>>>>>>>>>>>>>>>>>>>>>>>>>>epoch 1>>>>>>>>>>>>>>>>>>>>>>>>>>>>>>>>
iter step 50, train loss 3.0577, dev loss 2.2214, dev p 0.0000, dev r 0.0000, dev f1 0.0000
iter step 100, train loss 2.4693, dev loss 1.5754, dev p 0.0000, dev r 0.0000, dev f1 0.0000
iter step 150, train loss 1.6568, dev loss 1.2889, dev p 0.0000, dev r 0.0000, dev f1 0.0000
iter step 200, train loss 1.3358, dev loss 1.1387, dev p 0.0000, dev r 0.0000, dev f1 0.0000
iter step 250, train loss 1.1559, dev loss 0.9978, dev p 0.0000, dev r 0.0000, dev f1 0.0000
iter step 300, train loss 1.0145, dev loss 0.8674, dev p 0.5098, dev r 0.0049, dev f1 0.0097
>> new best
iter step 350, train loss 0.9082, dev loss 0.7913, dev p 0.2416, dev r 0.0617, dev f1 0.0983
>> new best
iter step 400, train loss 0.8284, dev loss 0.7413, dev p 0.3529, dev r 0.0551, dev f1 0.0953
iter step 450, train loss 0.7689, dev loss 0.7004, dev p 0.3157, dev r 0.1372, dev f1 0.1913
>> new best
iter step 500, train loss 0.7096, dev loss 0.6874, dev p 0.3176, dev r 0.1787, dev f1 0.2287
>> new best
iter step 550, train loss 0.6769, dev loss 0.6640, dev p 0.3122, dev r 0.1697, dev f1 0.2198
iter step 600, train loss 0.6765, dev loss 0.6417, dev p 0.3900, dev r 0.1612, dev f1 0.2281
iter step 650, train loss 0.6637, dev loss 0.6512, dev p 0.3413, dev r 0.1984, dev f1 0.2509
>> new best
iter step 700, train loss 0.6648, dev loss 0.6298, dev p 0.3263, dev r 0.2334, dev f1 0.2721
>> new best
iter step 750, train loss 0.6600, dev loss 0.6262, dev p 0.3912, dev r 0.2057, dev f1 0.2696
iter step 800, train loss 0.6356, dev loss 0.6267, dev p 0.2988, dev r 0.2490, dev f1 0.2716
iter step 850, train loss 0.6224, dev loss 0.6240, dev p 0.3678, dev r 0.2555, dev f1 0.3015
>> new best
iter step 900, train loss 0.6274, dev loss 0.6024, dev p 0.3897, dev r 0.2338, dev f1 0.2922
iter step 950, train loss 0.6395, dev loss 0.5930, dev p 0.4673, dev r 0.1740, dev f1 0.2535
iter step 1000, train loss 0.6228, dev loss 0.5873, dev p 0.3632, dev r 0.2720, dev f1 0.3111
>> new best
iter step 1050, train loss 0.6105, dev loss 0.5843, dev p 0.4340, dev r 0.2430, dev f1 0.3115
>> new best
iter step 1100, train loss 0.6211, dev loss 0.6017, dev p 0.4129, dev r 0.2913, dev f1 0.3416
>> new best
iter step 1150, train loss 0.6062, dev loss 0.5708, dev p 0.4678, dev r 0.2619, dev f1 0.3358
iter step 1200, train loss 0.5988, dev loss 0.5985, dev p 0.3923, dev r 0.3165, dev f1 0.3503
>> new best
iter step 1250, train loss 0.6027, dev loss 0.5961, dev p 0.5381, dev r 0.2143, dev f1 0.3065
iter step 1300, train loss 0.5959, dev loss 0.5828, dev p 0.3966, dev r 0.3251, dev f1 0.3573
>> new best
iter step 1350, train loss 0.5995, dev loss 0.5630, dev p 0.4663, dev r 0.2542, dev f1 0.3290
iter step 1400, train loss 0.6071, dev loss 0.5606, dev p 0.4760, dev r 0.2996, dev f1 0.3677
>> new best
iter step 1450, train loss 0.6025, dev loss 0.5556, dev p 0.4622, dev r 0.3223, dev f1 0.3798
>> new best
iter step 1500, train loss 0.5723, dev loss 0.5712, dev p 0.4313, dev r 0.3356, dev f1 0.3775
iter step 1550, train loss 0.5670, dev loss 0.5606, dev p 0.4196, dev r 0.3643, dev f1 0.3900
>> new best
iter step 1600, train loss 0.5510, dev loss 0.5611, dev p 0.4328, dev r 0.3581, dev f1 0.3919
>> new best
>>>>>>>>>>>>>>>>>>>>>>>>>>>>>>>epoch 2>>>>>>>>>>>>>>>>>>>>>>>>>>>>>>>>
iter step 1650, train loss 0.5336, dev loss 0.5843, dev p 0.4661, dev r 0.2917, dev f1 0.3589
iter step 1700, train loss 0.5357, dev loss 0.5560, dev p 0.4900, dev r 0.2883, dev f1 0.3630
iter step 1750, train loss 0.5275, dev loss 0.5740, dev p 0.5020, dev r 0.2857, dev f1 0.3642
iter step 1800, train loss 0.5339, dev loss 0.5491, dev p 0.5083, dev r 0.2882, dev f1 0.3678
iter step 1850, train loss 0.5445, dev loss 0.5461, dev p 0.4961, dev r 0.3431, dev f1 0.4056
>> new best
iter step 1900, train loss 0.5388, dev loss 0.5646, dev p 0.4581, dev r 0.3406, dev f1 0.3907
iter step 1950, train loss 0.5203, dev loss 0.6003, dev p 0.4261, dev r 0.3701, dev f1 0.3961
iter step 2000, train loss 0.5211, dev loss 0.5516, dev p 0.4418, dev r 0.3855, dev f1 0.4117
>> new best
iter step 2050, train loss 0.5289, dev loss 0.5867, dev p 0.4059, dev r 0.4128, dev f1 0.4093
iter step 2100, train loss 0.5157, dev loss 0.5988, dev p 0.4379, dev r 0.3360, dev f1 0.3802
iter step 2150, train loss 0.5237, dev loss 0.5600, dev p 0.4394, dev r 0.3744, dev f1 0.4043
iter step 2200, train loss 0.5267, dev loss 0.5554, dev p 0.4726, dev r 0.3626, dev f1 0.4103
iter step 2250, train loss 0.5059, dev loss 0.5404, dev p 0.4857, dev r 0.3339, dev f1 0.3957
iter step 2300, train loss 0.5070, dev loss 0.5585, dev p 0.4751, dev r 0.3536, dev f1 0.4054
iter step 2350, train loss 0.5170, dev loss 0.5565, dev p 0.4515, dev r 0.3840, dev f1 0.4150
>> new best
iter step 2400, train loss 0.5117, dev loss 0.5652, dev p 0.4215, dev r 0.3918, dev f1 0.4061
iter step 2450, train loss 0.5229, dev loss 0.5563, dev p 0.5098, dev r 0.3024, dev f1 0.3796
iter step 2500, train loss 0.5287, dev loss 0.5573, dev p 0.4607, dev r 0.3815, dev f1 0.4174
>> new best
iter step 2550, train loss 0.5168, dev loss 0.5680, dev p 0.4521, dev r 0.4083, dev f1 0.4291
>> new best
iter step 2600, train loss 0.5191, dev loss 0.5795, dev p 0.4032, dev r 0.3429, dev f1 0.3706
iter step 2650, train loss 0.5177, dev loss 0.5670, dev p 0.4547, dev r 0.3723, dev f1 0.4094
iter step 2700, train loss 0.5144, dev loss 0.5536, dev p 0.4844, dev r 0.3639, dev f1 0.4156
iter step 2750, train loss 0.5157, dev loss 0.5527, dev p 0.5183, dev r 0.3129, dev f1 0.3902
iter step 2800, train loss 0.5326, dev loss 0.5449, dev p 0.5103, dev r 0.3358, dev f1 0.4050
iter step 2850, train loss 0.5402, dev loss 0.5480, dev p 0.5303, dev r 0.3277, dev f1 0.4051
iter step 2900, train loss 0.5369, dev loss 0.5425, dev p 0.4366, dev r 0.3954, dev f1 0.4149
iter step 2950, train loss 0.5211, dev loss 0.5336, dev p 0.4946, dev r 0.3810, dev f1 0.4304
>> new best
iter step 3000, train loss 0.5145, dev loss 0.5428, dev p 0.5051, dev r 0.3223, dev f1 0.3935
iter step 3050, train loss 0.5399, dev loss 0.5481, dev p 0.5317, dev r 0.3427, dev f1 0.4168
iter step 3100, train loss 0.5419, dev loss 0.5519, dev p 0.5430, dev r 0.3279, dev f1 0.4089
iter step 3150, train loss 0.5407, dev loss 0.5380, dev p 0.5556, dev r 0.3300, dev f1 0.4140
iter step 3200, train loss 0.5330, dev loss 0.5414, dev p 0.4971, dev r 0.3645, dev f1 0.4205
>>>>>>>>>>>>>>>>>>>>>>>>>>>>>>>epoch 3>>>>>>>>>>>>>>>>>>>>>>>>>>>>>>>>
iter step 3250, train loss 0.5154, dev loss 0.5639, dev p 0.4184, dev r 0.4366, dev f1 0.4273
iter step 3300, train loss 0.4822, dev loss 0.5618, dev p 0.4606, dev r 0.3890, dev f1 0.4218
iter step 3350, train loss 0.4204, dev loss 0.5970, dev p 0.5161, dev r 0.3446, dev f1 0.4133
iter step 3400, train loss 0.4160, dev loss 0.5533, dev p 0.4766, dev r 0.3915, dev f1 0.4298
iter step 3450, train loss 0.4318, dev loss 0.5877, dev p 0.4622, dev r 0.3935, dev f1 0.4251
iter step 3500, train loss 0.4322, dev loss 0.5778, dev p 0.4830, dev r 0.4094, dev f1 0.4432
>> new best
iter step 3550, train loss 0.4382, dev loss 0.5664, dev p 0.4558, dev r 0.4081, dev f1 0.4307
iter step 3600, train loss 0.4408, dev loss 0.5595, dev p 0.5042, dev r 0.3789, dev f1 0.4327
iter step 3650, train loss 0.4249, dev loss 0.5932, dev p 0.4722, dev r 0.3943, dev f1 0.4297
iter step 3700, train loss 0.4145, dev loss 0.5686, dev p 0.4727, dev r 0.3954, dev f1 0.4306
iter step 3750, train loss 0.4327, dev loss 0.5623, dev p 0.5027, dev r 0.3705, dev f1 0.4265
iter step 3800, train loss 0.4380, dev loss 0.5594, dev p 0.4822, dev r 0.3701, dev f1 0.4187
iter step 3850, train loss 0.4273, dev loss 0.5566, dev p 0.5442, dev r 0.3414, dev f1 0.4196
iter step 3900, train loss 0.4295, dev loss 0.5598, dev p 0.5407, dev r 0.3703, dev f1 0.4395
iter step 3950, train loss 0.4373, dev loss 0.5612, dev p 0.5306, dev r 0.3654, dev f1 0.4328
iter step 4000, train loss 0.4340, dev loss 0.5705, dev p 0.4708, dev r 0.4109, dev f1 0.4388
iter step 4050, train loss 0.4327, dev loss 0.5497, dev p 0.5090, dev r 0.3731, dev f1 0.4305
iter step 4100, train loss 0.4317, dev loss 0.5823, dev p 0.4698, dev r 0.3746, dev f1 0.4168
iter step 4150, train loss 0.4259, dev loss 0.5748, dev p 0.4745, dev r 0.3834, dev f1 0.4241
iter step 4200, train loss 0.4405, dev loss 0.5841, dev p 0.4522, dev r 0.3960, dev f1 0.4222
iter step 4250, train loss 0.4541, dev loss 0.5747, dev p 0.4587, dev r 0.4108, dev f1 0.4334
iter step 4300, train loss 0.4491, dev loss 0.5517, dev p 0.5397, dev r 0.3686, dev f1 0.4380
iter step 4350, train loss 0.4396, dev loss 0.5599, dev p 0.4910, dev r 0.3378, dev f1 0.4003
iter step 4400, train loss 0.4372, dev loss 0.5552, dev p 0.5248, dev r 0.3746, dev f1 0.4371
iter step 4450, train loss 0.4456, dev loss 0.5642, dev p 0.4676, dev r 0.4282, dev f1 0.4470
>> new best
iter step 4500, train loss 0.4418, dev loss 0.5472, dev p 0.4949, dev r 0.4036, dev f1 0.4446
iter step 4550, train loss 0.4363, dev loss 0.5545, dev p 0.4997, dev r 0.4016, dev f1 0.4453
iter step 4600, train loss 0.4482, dev loss 0.5569, dev p 0.4982, dev r 0.4059, dev f1 0.4473
>> new best
iter step 4650, train loss 0.4518, dev loss 0.5557, dev p 0.5293, dev r 0.3592, dev f1 0.4280
iter step 4700, train loss 0.4338, dev loss 0.5712, dev p 0.5078, dev r 0.4012, dev f1 0.4483
>> new best
iter step 4750, train loss 0.4429, dev loss 0.5379, dev p 0.5030, dev r 0.4357, dev f1 0.4669
>> new best
iter step 4800, train loss 0.4465, dev loss 0.5666, dev p 0.5104, dev r 0.4081, dev f1 0.4536
iter step 4850, train loss 0.4261, dev loss 0.5582, dev p 0.4902, dev r 0.3911, dev f1 0.4351
>>>>>>>>>>>>>>>>>>>>>>>>>>>>>>>epoch 4>>>>>>>>>>>>>>>>>>>>>>>>>>>>>>>>
iter step 4900, train loss 0.4075, dev loss 0.5649, dev p 0.5546, dev r 0.3892, dev f1 0.4574
iter step 4950, train loss 0.3597, dev loss 0.6192, dev p 0.4466, dev r 0.4145, dev f1 0.4299
iter step 5000, train loss 0.3310, dev loss 0.6243, dev p 0.4302, dev r 0.4471, dev f1 0.4385
iter step 5050, train loss 0.3188, dev loss 0.6335, dev p 0.5064, dev r 0.3961, dev f1 0.4445
iter step 5100, train loss 0.3048, dev loss 0.6078, dev p 0.4700, dev r 0.4203, dev f1 0.4438
iter step 5150, train loss 0.3184, dev loss 0.6057, dev p 0.5574, dev r 0.3868, dev f1 0.4567
iter step 5200, train loss 0.3260, dev loss 0.7224, dev p 0.4691, dev r 0.4126, dev f1 0.4391
iter step 5250, train loss 0.3403, dev loss 0.5925, dev p 0.5105, dev r 0.4295, dev f1 0.4665
iter step 5300, train loss 0.3489, dev loss 0.6212, dev p 0.5302, dev r 0.3658, dev f1 0.4329
iter step 5350, train loss 0.3492, dev loss 0.6091, dev p 0.4682, dev r 0.4396, dev f1 0.4534
iter step 5400, train loss 0.3498, dev loss 0.6107, dev p 0.4810, dev r 0.4139, dev f1 0.4450
iter step 5450, train loss 0.3489, dev loss 0.6339, dev p 0.5017, dev r 0.4034, dev f1 0.4473
iter step 5500, train loss 0.3485, dev loss 0.6161, dev p 0.5468, dev r 0.3931, dev f1 0.4574
iter step 5550, train loss 0.3244, dev loss 0.6368, dev p 0.4778, dev r 0.4462, dev f1 0.4615
iter step 5600, train loss 0.3214, dev loss 0.6326, dev p 0.5079, dev r 0.4044, dev f1 0.4503
iter step 5650, train loss 0.3374, dev loss 0.6146, dev p 0.4964, dev r 0.3770, dev f1 0.4286
iter step 5700, train loss 0.3367, dev loss 0.6142, dev p 0.5052, dev r 0.4393, dev f1 0.4699
>> new best
iter step 5750, train loss 0.3328, dev loss 0.6199, dev p 0.4880, dev r 0.4550, dev f1 0.4709
>> new best
iter step 5800, train loss 0.3341, dev loss 0.5997, dev p 0.4966, dev r 0.4338, dev f1 0.4631
iter step 5850, train loss 0.3394, dev loss 0.6579, dev p 0.4719, dev r 0.4426, dev f1 0.4568
iter step 5900, train loss 0.3502, dev loss 0.5859, dev p 0.5104, dev r 0.4198, dev f1 0.4606
iter step 5950, train loss 0.3443, dev loss 0.5668, dev p 0.5272, dev r 0.4218, dev f1 0.4686
iter step 6000, train loss 0.3340, dev loss 0.5887, dev p 0.4662, dev r 0.4464, dev f1 0.4561
iter step 6050, train loss 0.3319, dev loss 0.6024, dev p 0.5056, dev r 0.4229, dev f1 0.4606
iter step 6100, train loss 0.3272, dev loss 0.5819, dev p 0.5172, dev r 0.4143, dev f1 0.4601
iter step 6150, train loss 0.3320, dev loss 0.6127, dev p 0.5065, dev r 0.4424, dev f1 0.4723
>> new best
iter step 6200, train loss 0.3432, dev loss 0.6125, dev p 0.5014, dev r 0.4031, dev f1 0.4469
iter step 6250, train loss 0.3595, dev loss 0.5921, dev p 0.4705, dev r 0.4286, dev f1 0.4485
iter step 6300, train loss 0.3531, dev loss 0.6179, dev p 0.4753, dev r 0.4468, dev f1 0.4606
iter step 6350, train loss 0.3419, dev loss 0.6596, dev p 0.5098, dev r 0.4451, dev f1 0.4752
>> new best
iter step 6400, train loss 0.3304, dev loss 0.6031, dev p 0.4692, dev r 0.4693, dev f1 0.4692
iter step 6450, train loss 0.3206, dev loss 0.6442, dev p 0.5063, dev r 0.4460, dev f1 0.4742
>>>>>>>>>>>>>>>>>>>>>>>>>>>>>>>epoch 5>>>>>>>>>>>>>>>>>>>>>>>>>>>>>>>>
iter step 6500, train loss 0.3369, dev loss 0.6288, dev p 0.5011, dev r 0.4498, dev f1 0.4741
iter step 6550, train loss 0.3023, dev loss 0.7477, dev p 0.4896, dev r 0.4222, dev f1 0.4534
iter step 6600, train loss 0.2446, dev loss 0.7265, dev p 0.4636, dev r 0.4507, dev f1 0.4570
iter step 6650, train loss 0.2383, dev loss 0.6594, dev p 0.4900, dev r 0.4355, dev f1 0.4611
iter step 6700, train loss 0.2372, dev loss 0.7159, dev p 0.4919, dev r 0.4469, dev f1 0.4683
iter step 6750, train loss 0.2339, dev loss 0.7068, dev p 0.4901, dev r 0.4393, dev f1 0.4633
iter step 6800, train loss 0.2367, dev loss 0.6883, dev p 0.5257, dev r 0.3928, dev f1 0.4496
iter step 6850, train loss 0.2359, dev loss 0.6749, dev p 0.5038, dev r 0.4378, dev f1 0.4684
iter step 6900, train loss 0.2482, dev loss 0.6647, dev p 0.4736, dev r 0.4618, dev f1 0.4676
iter step 6950, train loss 0.2572, dev loss 0.6557, dev p 0.4990, dev r 0.4333, dev f1 0.4638
iter step 7000, train loss 0.2522, dev loss 0.6978, dev p 0.5047, dev r 0.4259, dev f1 0.4620
iter step 7050, train loss 0.2489, dev loss 0.6949, dev p 0.5039, dev r 0.4353, dev f1 0.4671
iter step 7100, train loss 0.2551, dev loss 0.6791, dev p 0.5072, dev r 0.4018, dev f1 0.4484
iter step 7150, train loss 0.2610, dev loss 0.6835, dev p 0.5092, dev r 0.4304, dev f1 0.4665
iter step 7200, train loss 0.2559, dev loss 0.6300, dev p 0.5092, dev r 0.4409, dev f1 0.4726
iter step 7250, train loss 0.2603, dev loss 0.6990, dev p 0.4970, dev r 0.4370, dev f1 0.4651
iter step 7300, train loss 0.2659, dev loss 0.6626, dev p 0.5152, dev r 0.4310, dev f1 0.4694
iter step 7350, train loss 0.2473, dev loss 0.6966, dev p 0.4910, dev r 0.4494, dev f1 0.4693
iter step 7400, train loss 0.2633, dev loss 0.7171, dev p 0.5015, dev r 0.4349, dev f1 0.4659
iter step 7450, train loss 0.2831, dev loss 0.6652, dev p 0.5271, dev r 0.4269, dev f1 0.4717
iter step 7500, train loss 0.2536, dev loss 0.6895, dev p 0.4928, dev r 0.4333, dev f1 0.4611
iter step 7550, train loss 0.2548, dev loss 0.7053, dev p 0.4435, dev r 0.4717, dev f1 0.4572
iter step 7600, train loss 0.2705, dev loss 0.6591, dev p 0.4877, dev r 0.4419, dev f1 0.4637
iter step 7650, train loss 0.2773, dev loss 0.6581, dev p 0.4906, dev r 0.4409, dev f1 0.4644
iter step 7700, train loss 0.2630, dev loss 0.6914, dev p 0.5117, dev r 0.4304, dev f1 0.4676
iter step 7750, train loss 0.2541, dev loss 0.6779, dev p 0.5128, dev r 0.4383, dev f1 0.4727
iter step 7800, train loss 0.2663, dev loss 0.6260, dev p 0.4936, dev r 0.4376, dev f1 0.4639
iter step 7850, train loss 0.2545, dev loss 0.6349, dev p 0.4923, dev r 0.4524, dev f1 0.4715
iter step 7900, train loss 0.2475, dev loss 0.6951, dev p 0.5094, dev r 0.4537, dev f1 0.4799
>> new best
iter step 7950, train loss 0.2542, dev loss 0.7595, dev p 0.4522, dev r 0.4773, dev f1 0.4644
iter step 8000, train loss 0.2545, dev loss 0.6791, dev p 0.4854, dev r 0.4458, dev f1 0.4648
iter step 8050, train loss 0.2585, dev loss 0.7114, dev p 0.4838, dev r 0.4634, dev f1 0.4734
iter step 8100, train loss 0.2627, dev loss 0.6486, dev p 0.5060, dev r 0.4537, dev f1 0.4784
>>>>>>>>>>>>>>>>>>>>>>>>>>>>>>>epoch 6>>>>>>>>>>>>>>>>>>>>>>>>>>>>>>>>
iter step 8150, train loss 0.2303, dev loss 0.8146, dev p 0.4847, dev r 0.4599, dev f1 0.4720
iter step 8200, train loss 0.1943, dev loss 0.7303, dev p 0.4851, dev r 0.4533, dev f1 0.4686
iter step 8250, train loss 0.1850, dev loss 0.7693, dev p 0.4989, dev r 0.4291, dev f1 0.4614
iter step 8300, train loss 0.1812, dev loss 0.7605, dev p 0.4683, dev r 0.4479, dev f1 0.4579
iter step 8350, train loss 0.1818, dev loss 0.7755, dev p 0.4857, dev r 0.4786, dev f1 0.4821
>> new best
iter step 8400, train loss 0.1858, dev loss 0.7735, dev p 0.5074, dev r 0.4379, dev f1 0.4701
iter step 8450, train loss 0.1922, dev loss 0.7908, dev p 0.4968, dev r 0.4518, dev f1 0.4732
iter step 8500, train loss 0.1970, dev loss 0.7756, dev p 0.4966, dev r 0.4696, dev f1 0.4827
>> new best
iter step 8550, train loss 0.2001, dev loss 0.7436, dev p 0.4898, dev r 0.4629, dev f1 0.4759
iter step 8600, train loss 0.1991, dev loss 0.7496, dev p 0.4760, dev r 0.4640, dev f1 0.4699
iter step 8650, train loss 0.2003, dev loss 0.7035, dev p 0.5007, dev r 0.4524, dev f1 0.4753
iter step 8700, train loss 0.2078, dev loss 0.7214, dev p 0.4721, dev r 0.4805, dev f1 0.4763
iter step 8750, train loss 0.2014, dev loss 0.8447, dev p 0.4858, dev r 0.4484, dev f1 0.4664
iter step 8800, train loss 0.2011, dev loss 0.7776, dev p 0.5032, dev r 0.4475, dev f1 0.4737
iter step 8850, train loss 0.1940, dev loss 0.8128, dev p 0.4897, dev r 0.4473, dev f1 0.4676
iter step 8900, train loss 0.1936, dev loss 0.7739, dev p 0.4794, dev r 0.4689, dev f1 0.4741
iter step 8950, train loss 0.2007, dev loss 0.7429, dev p 0.5046, dev r 0.4288, dev f1 0.4636
iter step 9000, train loss 0.1962, dev loss 0.7745, dev p 0.4829, dev r 0.4664, dev f1 0.4745
iter step 9050, train loss 0.2079, dev loss 0.7419, dev p 0.4607, dev r 0.4631, dev f1 0.4619
iter step 9100, train loss 0.2214, dev loss 0.7252, dev p 0.4965, dev r 0.4344, dev f1 0.4633
iter step 9150, train loss 0.2212, dev loss 0.7208, dev p 0.4988, dev r 0.4576, dev f1 0.4773
iter step 9200, train loss 0.2163, dev loss 0.6761, dev p 0.5101, dev r 0.4462, dev f1 0.4760
iter step 9250, train loss 0.2087, dev loss 0.6940, dev p 0.5107, dev r 0.4492, dev f1 0.4780
iter step 9300, train loss 0.1980, dev loss 0.7525, dev p 0.4997, dev r 0.4496, dev f1 0.4733
iter step 9350, train loss 0.2046, dev loss 0.7790, dev p 0.4927, dev r 0.4663, dev f1 0.4791
iter step 9400, train loss 0.2040, dev loss 0.7343, dev p 0.4856, dev r 0.4713, dev f1 0.4784
iter step 9450, train loss 0.2075, dev loss 0.7204, dev p 0.4685, dev r 0.4745, dev f1 0.4715
iter step 9500, train loss 0.2147, dev loss 0.7974, dev p 0.4939, dev r 0.4754, dev f1 0.4845
>> new best
iter step 9550, train loss 0.2152, dev loss 0.7341, dev p 0.5033, dev r 0.4529, dev f1 0.4768
iter step 9600, train loss 0.2225, dev loss 0.7705, dev p 0.4491, dev r 0.4906, dev f1 0.4689
iter step 9650, train loss 0.2185, dev loss 0.6684, dev p 0.5175, dev r 0.4454, dev f1 0.4788
iter step 9700, train loss 0.2121, dev loss 0.7515, dev p 0.4707, dev r 0.4871, dev f1 0.4787
>>>>>>>>>>>>>>>>>>>>>>>>>>>>>>>epoch 7>>>>>>>>>>>>>>>>>>>>>>>>>>>>>>>>
iter step 9750, train loss 0.2050, dev loss 0.7385, dev p 0.4876, dev r 0.4634, dev f1 0.4752
iter step 9800, train loss 0.1742, dev loss 0.8001, dev p 0.4938, dev r 0.4486, dev f1 0.4701
iter step 9850, train loss 0.1523, dev loss 0.8558, dev p 0.4688, dev r 0.4655, dev f1 0.4671
iter step 9900, train loss 0.1636, dev loss 0.7579, dev p 0.4654, dev r 0.4582, dev f1 0.4618
iter step 9950, train loss 0.1628, dev loss 0.7900, dev p 0.4873, dev r 0.4400, dev f1 0.4625
iter step 10000, train loss 0.1491, dev loss 0.8358, dev p 0.4812, dev r 0.4679, dev f1 0.4745
iter step 10050, train loss 0.1522, dev loss 0.8138, dev p 0.4818, dev r 0.4636, dev f1 0.4725
iter step 10100, train loss 0.1640, dev loss 0.8085, dev p 0.4963, dev r 0.4625, dev f1 0.4788
iter step 10150, train loss 0.1643, dev loss 0.7976, dev p 0.4814, dev r 0.4696, dev f1 0.4754
iter step 10200, train loss 0.1601, dev loss 0.8350, dev p 0.4791, dev r 0.4837, dev f1 0.4814
iter step 10250, train loss 0.1533, dev loss 0.8481, dev p 0.4924, dev r 0.4659, dev f1 0.4788
iter step 10300, train loss 0.1487, dev loss 0.8464, dev p 0.4839, dev r 0.4719, dev f1 0.4778
iter step 10350, train loss 0.1463, dev loss 0.8046, dev p 0.4786, dev r 0.4646, dev f1 0.4715
iter step 10400, train loss 0.1473, dev loss 0.8779, dev p 0.4790, dev r 0.4715, dev f1 0.4752
iter step 10450, train loss 0.1672, dev loss 0.7818, dev p 0.4768, dev r 0.4623, dev f1 0.4694
iter step 10500, train loss 0.1726, dev loss 0.8174, dev p 0.4727, dev r 0.4586, dev f1 0.4655
iter step 10550, train loss 0.1593, dev loss 0.7620, dev p 0.4751, dev r 0.4466, dev f1 0.4604
iter step 10600, train loss 0.1550, dev loss 0.7928, dev p 0.4915, dev r 0.4616, dev f1 0.4761
iter step 10650, train loss 0.1679, dev loss 0.7492, dev p 0.4912, dev r 0.4771, dev f1 0.4841
iter step 10700, train loss 0.1654, dev loss 0.8436, dev p 0.4892, dev r 0.4618, dev f1 0.4751
iter step 10750, train loss 0.1662, dev loss 0.8209, dev p 0.4950, dev r 0.4509, dev f1 0.4719
iter step 10800, train loss 0.1778, dev loss 0.8254, dev p 0.4872, dev r 0.4764, dev f1 0.4817
iter step 10850, train loss 0.1674, dev loss 0.8051, dev p 0.5036, dev r 0.4475, dev f1 0.4739
iter step 10900, train loss 0.1592, dev loss 0.8232, dev p 0.4882, dev r 0.4754, dev f1 0.4817
iter step 10950, train loss 0.1599, dev loss 0.8482, dev p 0.4904, dev r 0.4573, dev f1 0.4733
iter step 11000, train loss 0.1704, dev loss 0.7882, dev p 0.4888, dev r 0.4672, dev f1 0.4778
iter step 11050, train loss 0.1656, dev loss 0.8002, dev p 0.4800, dev r 0.4599, dev f1 0.4697
iter step 11100, train loss 0.1695, dev loss 0.7807, dev p 0.5069, dev r 0.4381, dev f1 0.4700
iter step 11150, train loss 0.1850, dev loss 0.8160, dev p 0.4904, dev r 0.4696, dev f1 0.4798
iter step 11200, train loss 0.1783, dev loss 0.8767, dev p 0.4691, dev r 0.4863, dev f1 0.4775
iter step 11250, train loss 0.1703, dev loss 0.8004, dev p 0.4698, dev r 0.4764, dev f1 0.4730
iter step 11300, train loss 0.1643, dev loss 0.7615, dev p 0.4850, dev r 0.4880, dev f1 0.4865
>> new best
iter step 11350, train loss 0.1571, dev loss 0.8315, dev p 0.4679, dev r 0.4803, dev f1 0.4740
>>>>>>>>>>>>>>>>>>>>>>>>>>>>>>>epoch 8>>>>>>>>>>>>>>>>>>>>>>>>>>>>>>>>
iter step 11400, train loss 0.1572, dev loss 0.8479, dev p 0.4774, dev r 0.4792, dev f1 0.4783
iter step 11450, train loss 0.1385, dev loss 0.8976, dev p 0.4893, dev r 0.4683, dev f1 0.4786
iter step 11500, train loss 0.1218, dev loss 0.8232, dev p 0.4796, dev r 0.4698, dev f1 0.4747
iter step 11550, train loss 0.1255, dev loss 0.9320, dev p 0.4808, dev r 0.4730, dev f1 0.4769
iter step 11600, train loss 0.1296, dev loss 0.9323, dev p 0.4931, dev r 0.4554, dev f1 0.4735
iter step 11650, train loss 0.1268, dev loss 0.9498, dev p 0.4913, dev r 0.4571, dev f1 0.4736
iter step 11700, train loss 0.1332, dev loss 0.7964, dev p 0.5064, dev r 0.4408, dev f1 0.4713
iter step 11750, train loss 0.1386, dev loss 0.8731, dev p 0.4580, dev r 0.4831, dev f1 0.4702
iter step 11800, train loss 0.1391, dev loss 0.8872, dev p 0.4816, dev r 0.4741, dev f1 0.4778
iter step 11850, train loss 0.1417, dev loss 0.8882, dev p 0.4686, dev r 0.4784, dev f1 0.4735
iter step 11900, train loss 0.1382, dev loss 0.8387, dev p 0.4671, dev r 0.4642, dev f1 0.4656
iter step 11950, train loss 0.1352, dev loss 0.9592, dev p 0.4817, dev r 0.4743, dev f1 0.4780
iter step 12000, train loss 0.1348, dev loss 0.9173, dev p 0.4720, dev r 0.4777, dev f1 0.4748
iter step 12050, train loss 0.1390, dev loss 0.8790, dev p 0.4901, dev r 0.4597, dev f1 0.4744
iter step 12100, train loss 0.1404, dev loss 0.8726, dev p 0.4878, dev r 0.4679, dev f1 0.4777
iter step 12150, train loss 0.1397, dev loss 0.8492, dev p 0.5034, dev r 0.4494, dev f1 0.4748
iter step 12200, train loss 0.1395, dev loss 0.8475, dev p 0.4971, dev r 0.4539, dev f1 0.4745
iter step 12250, train loss 0.1418, dev loss 0.8938, dev p 0.5086, dev r 0.4458, dev f1 0.4751
iter step 12300, train loss 0.1378, dev loss 0.8793, dev p 0.4457, dev r 0.4649, dev f1 0.4551
iter step 12350, train loss 0.1360, dev loss 0.8717, dev p 0.4517, dev r 0.4754, dev f1 0.4633
iter step 12400, train loss 0.1421, dev loss 0.8442, dev p 0.4693, dev r 0.4644, dev f1 0.4668
iter step 12450, train loss 0.1430, dev loss 0.8507, dev p 0.4842, dev r 0.4509, dev f1 0.4669
iter step 12500, train loss 0.1387, dev loss 0.8347, dev p 0.4653, dev r 0.4563, dev f1 0.4608
iter step 12550, train loss 0.1477, dev loss 0.7734, dev p 0.4923, dev r 0.4477, dev f1 0.4689
iter step 12600, train loss 0.1535, dev loss 0.7790, dev p 0.4775, dev r 0.4567, dev f1 0.4668
iter step 12650, train loss 0.1502, dev loss 0.8134, dev p 0.5057, dev r 0.4507, dev f1 0.4766
iter step 12700, train loss 0.1438, dev loss 0.9193, dev p 0.4793, dev r 0.4719, dev f1 0.4756
iter step 12750, train loss 0.1306, dev loss 0.8790, dev p 0.4937, dev r 0.4608, dev f1 0.4767
iter step 12800, train loss 0.1423, dev loss 0.8629, dev p 0.4510, dev r 0.4713, dev f1 0.4609
iter step 12850, train loss 0.1483, dev loss 0.8929, dev p 0.5022, dev r 0.4567, dev f1 0.4783
iter step 12900, train loss 0.1369, dev loss 0.8344, dev p 0.4864, dev r 0.4685, dev f1 0.4773
iter step 12950, train loss 0.1292, dev loss 0.9163, dev p 0.4805, dev r 0.4747, dev f1 0.4776
>>>>>>>>>>>>>>>>>>>>>>>>>>>>>>>epoch 9>>>>>>>>>>>>>>>>>>>>>>>>>>>>>>>>
iter step 13000, train loss 0.1332, dev loss 0.8686, dev p 0.4746, dev r 0.4730, dev f1 0.4738
iter step 13050, train loss 0.1243, dev loss 0.9239, dev p 0.4788, dev r 0.4619, dev f1 0.4702
iter step 13100, train loss 0.1010, dev loss 0.8878, dev p 0.4781, dev r 0.4597, dev f1 0.4687
iter step 13150, train loss 0.1060, dev loss 0.9095, dev p 0.4865, dev r 0.4646, dev f1 0.4753
iter step 13200, train loss 0.1163, dev loss 0.8811, dev p 0.4917, dev r 0.4588, dev f1 0.4746
iter step 13250, train loss 0.1129, dev loss 0.9614, dev p 0.4865, dev r 0.4518, dev f1 0.4685
iter step 13300, train loss 0.1131, dev loss 0.8874, dev p 0.4939, dev r 0.4580, dev f1 0.4753
iter step 13350, train loss 0.1190, dev loss 0.8587, dev p 0.4591, dev r 0.4790, dev f1 0.4688
iter step 13400, train loss 0.1126, dev loss 0.9231, dev p 0.4644, dev r 0.4678, dev f1 0.4660
iter step 13450, train loss 0.1062, dev loss 0.9313, dev p 0.4468, dev r 0.4876, dev f1 0.4663
iter step 13500, train loss 0.0995, dev loss 0.9376, dev p 0.4630, dev r 0.4858, dev f1 0.4741
iter step 13550, train loss 0.1011, dev loss 0.9398, dev p 0.4667, dev r 0.4685, dev f1 0.4676
iter step 13600, train loss 0.1044, dev loss 0.9544, dev p 0.4646, dev r 0.4664, dev f1 0.4655
iter step 13650, train loss 0.1124, dev loss 0.8654, dev p 0.4560, dev r 0.4736, dev f1 0.4646
iter step 13700, train loss 0.1127, dev loss 0.9158, dev p 0.4717, dev r 0.4681, dev f1 0.4699
iter step 13750, train loss 0.1045, dev loss 0.9016, dev p 0.4632, dev r 0.4828, dev f1 0.4728
iter step 13800, train loss 0.1113, dev loss 0.8885, dev p 0.4840, dev r 0.4561, dev f1 0.4696
iter step 13850, train loss 0.1119, dev loss 0.9205, dev p 0.4912, dev r 0.4762, dev f1 0.4836
iter step 13900, train loss 0.1044, dev loss 0.8953, dev p 0.4503, dev r 0.4906, dev f1 0.4696
iter step 13950, train loss 0.0989, dev loss 0.9712, dev p 0.5156, dev r 0.4608, dev f1 0.4867
>> new best
iter step 14000, train loss 0.1075, dev loss 0.8610, dev p 0.4881, dev r 0.4694, dev f1 0.4786
iter step 14050, train loss 0.1153, dev loss 0.9533, dev p 0.4717, dev r 0.4674, dev f1 0.4695
iter step 14100, train loss 0.1086, dev loss 1.0217, dev p 0.4605, dev r 0.4805, dev f1 0.4703
iter step 14150, train loss 0.1028, dev loss 0.9496, dev p 0.4714, dev r 0.4801, dev f1 0.4757
iter step 14200, train loss 0.1070, dev loss 0.9678, dev p 0.4836, dev r 0.4713, dev f1 0.4774
iter step 14250, train loss 0.1144, dev loss 0.8902, dev p 0.4950, dev r 0.4648, dev f1 0.4794
iter step 14300, train loss 0.1141, dev loss 0.9604, dev p 0.4792, dev r 0.4786, dev f1 0.4789
iter step 14350, train loss 0.1042, dev loss 0.9814, dev p 0.4686, dev r 0.4743, dev f1 0.4714
iter step 14400, train loss 0.1088, dev loss 0.9161, dev p 0.4838, dev r 0.4764, dev f1 0.4801
iter step 14450, train loss 0.1146, dev loss 0.9133, dev p 0.4922, dev r 0.4702, dev f1 0.4810
iter step 14500, train loss 0.1112, dev loss 0.9466, dev p 0.4749, dev r 0.4698, dev f1 0.4723
iter step 14550, train loss 0.1187, dev loss 0.9149, dev p 0.4707, dev r 0.4691, dev f1 0.4699
iter step 14600, train loss 0.1206, dev loss 0.9141, dev p 0.5034, dev r 0.4544, dev f1 0.4777
>>>>>>>>>>>>>>>>>>>>>>>>>>>>>>>epoch 10>>>>>>>>>>>>>>>>>>>>>>>>>>>>>>>
iter step 14650, train loss 0.0999, dev loss 1.0316, dev p 0.4962, dev r 0.4663, dev f1 0.4808
iter step 14700, train loss 0.0834, dev loss 1.0486, dev p 0.4818, dev r 0.4719, dev f1 0.4768
iter step 14750, train loss 0.0905, dev loss 0.9901, dev p 0.4765, dev r 0.4616, dev f1 0.4689
iter step 14800, train loss 0.0938, dev loss 0.9789, dev p 0.4595, dev r 0.4676, dev f1 0.4635
iter step 14850, train loss 0.0944, dev loss 0.9022, dev p 0.4658, dev r 0.4681, dev f1 0.4669
iter step 14900, train loss 0.0889, dev loss 0.9663, dev p 0.4853, dev r 0.4460, dev f1 0.4648
iter step 14950, train loss 0.0804, dev loss 0.9776, dev p 0.4911, dev r 0.4653, dev f1 0.4779
iter step 15000, train loss 0.0855, dev loss 0.9493, dev p 0.4925, dev r 0.4411, dev f1 0.4654
iter step 15050, train loss 0.1038, dev loss 0.8740, dev p 0.4788, dev r 0.4700, dev f1 0.4744
iter step 15100, train loss 0.1049, dev loss 1.0440, dev p 0.4884, dev r 0.4601, dev f1 0.4738
iter step 15150, train loss 0.0865, dev loss 1.0362, dev p 0.4671, dev r 0.4784, dev f1 0.4727
iter step 15200, train loss 0.0833, dev loss 1.0789, dev p 0.4633, dev r 0.4818, dev f1 0.4724
iter step 15250, train loss 0.0807, dev loss 1.0545, dev p 0.4814, dev r 0.4633, dev f1 0.4721
iter step 15300, train loss 0.0848, dev loss 0.9689, dev p 0.4908, dev r 0.4584, dev f1 0.4740
iter step 15350, train loss 0.0975, dev loss 0.9572, dev p 0.4833, dev r 0.4691, dev f1 0.4761
iter step 15400, train loss 0.1054, dev loss 1.0179, dev p 0.4660, dev r 0.4723, dev f1 0.4691
iter step 15450, train loss 0.1034, dev loss 0.9697, dev p 0.4655, dev r 0.4724, dev f1 0.4689
iter step 15500, train loss 0.0886, dev loss 1.0774, dev p 0.4730, dev r 0.4882, dev f1 0.4805
iter step 15550, train loss 0.0863, dev loss 1.0013, dev p 0.4569, dev r 0.4901, dev f1 0.4729
iter step 15600, train loss 0.0928, dev loss 1.0143, dev p 0.4808, dev r 0.4852, dev f1 0.4830
iter step 15650, train loss 0.0894, dev loss 1.0063, dev p 0.4622, dev r 0.4709, dev f1 0.4665
iter step 15700, train loss 0.0844, dev loss 1.0792, dev p 0.4959, dev r 0.4655, dev f1 0.4802
iter step 15750, train loss 0.0848, dev loss 1.0588, dev p 0.4895, dev r 0.4591, dev f1 0.4738
iter step 15800, train loss 0.0848, dev loss 1.0698, dev p 0.4608, dev r 0.4818, dev f1 0.4711
iter step 15850, train loss 0.0907, dev loss 0.9282, dev p 0.4820, dev r 0.4704, dev f1 0.4761
iter step 15900, train loss 0.0981, dev loss 0.9641, dev p 0.4873, dev r 0.4726, dev f1 0.4799
iter step 15950, train loss 0.1074, dev loss 0.9461, dev p 0.4521, dev r 0.4728, dev f1 0.4622
iter step 16000, train loss 0.1094, dev loss 0.9886, dev p 0.4901, dev r 0.4709, dev f1 0.4803
iter step 16050, train loss 0.0985, dev loss 0.9525, dev p 0.4695, dev r 0.4582, dev f1 0.4638
iter step 16100, train loss 0.0945, dev loss 1.0464, dev p 0.4888, dev r 0.4711, dev f1 0.4798
iter step 16150, train loss 0.0913, dev loss 0.9601, dev p 0.4836, dev r 0.4625, dev f1 0.4728
iter step 16200, train loss 0.0897, dev loss 0.9540, dev p 0.4914, dev r 0.4623, dev f1 0.4764
>>>>>>>>>>>>>>>>>>>>>>>>>>>>>>>epoch 11>>>>>>>>>>>>>>>>>>>>>>>>>>>>>>>
iter step 16250, train loss 0.0935, dev loss 0.9668, dev p 0.4690, dev r 0.4803, dev f1 0.4746
iter step 16300, train loss 0.0862, dev loss 1.0099, dev p 0.4626, dev r 0.4726, dev f1 0.4675
iter step 16350, train loss 0.0695, dev loss 1.1159, dev p 0.4748, dev r 0.4743, dev f1 0.4746
iter step 16400, train loss 0.0718, dev loss 1.0408, dev p 0.4836, dev r 0.4537, dev f1 0.4682
iter step 16450, train loss 0.0759, dev loss 1.1161, dev p 0.4478, dev r 0.4831, dev f1 0.4648
iter step 16500, train loss 0.0714, dev loss 1.0335, dev p 0.4678, dev r 0.4685, dev f1 0.4681
iter step 16550, train loss 0.0678, dev loss 1.1016, dev p 0.4783, dev r 0.4556, dev f1 0.4667
iter step 16600, train loss 0.0675, dev loss 1.0532, dev p 0.4730, dev r 0.4633, dev f1 0.4681
iter step 16650, train loss 0.0714, dev loss 1.0026, dev p 0.4653, dev r 0.4788, dev f1 0.4720
iter step 16700, train loss 0.0693, dev loss 1.0996, dev p 0.4473, dev r 0.4843, dev f1 0.4650
iter step 16750, train loss 0.0741, dev loss 1.0400, dev p 0.4738, dev r 0.4796, dev f1 0.4767
iter step 16800, train loss 0.0763, dev loss 1.1163, dev p 0.4805, dev r 0.4625, dev f1 0.4713
iter step 16850, train loss 0.0774, dev loss 0.9602, dev p 0.4859, dev r 0.4653, dev f1 0.4754
iter step 16900, train loss 0.0798, dev loss 1.0388, dev p 0.4958, dev r 0.4582, dev f1 0.4763
iter step 16950, train loss 0.0748, dev loss 1.0818, dev p 0.4703, dev r 0.4794, dev f1 0.4748
iter step 17000, train loss 0.0755, dev loss 1.0188, dev p 0.4878, dev r 0.4589, dev f1 0.4729
iter step 17050, train loss 0.0749, dev loss 1.0824, dev p 0.4524, dev r 0.4891, dev f1 0.4700
iter step 17100, train loss 0.0737, dev loss 1.0450, dev p 0.4603, dev r 0.4816, dev f1 0.4707
iter step 17150, train loss 0.0722, dev loss 1.0861, dev p 0.4482, dev r 0.4773, dev f1 0.4623
iter step 17200, train loss 0.0718, dev loss 1.0998, dev p 0.4589, dev r 0.4653, dev f1 0.4621
iter step 17250, train loss 0.0766, dev loss 1.0872, dev p 0.4861, dev r 0.4574, dev f1 0.4713
iter step 17300, train loss 0.0754, dev loss 1.1154, dev p 0.4740, dev r 0.4799, dev f1 0.4769
iter step 17350, train loss 0.0789, dev loss 0.9882, dev p 0.4923, dev r 0.4571, dev f1 0.4740
iter step 17400, train loss 0.0886, dev loss 0.9468, dev p 0.4820, dev r 0.4745, dev f1 0.4782
iter step 17450, train loss 0.0844, dev loss 1.0221, dev p 0.4943, dev r 0.4576, dev f1 0.4753
iter step 17500, train loss 0.0864, dev loss 0.9970, dev p 0.4655, dev r 0.4788, dev f1 0.4720
iter step 17550, train loss 0.0873, dev loss 1.0475, dev p 0.4684, dev r 0.4721, dev f1 0.4702
iter step 17600, train loss 0.0802, dev loss 1.1009, dev p 0.4618, dev r 0.4768, dev f1 0.4691
iter step 17650, train loss 0.0802, dev loss 1.1045, dev p 0.4666, dev r 0.4616, dev f1 0.4640
iter step 17700, train loss 0.0862, dev loss 0.9361, dev p 0.4931, dev r 0.4634, dev f1 0.4778
iter step 17750, train loss 0.0852, dev loss 1.0626, dev p 0.4844, dev r 0.4648, dev f1 0.4744
iter step 17800, train loss 0.0724, dev loss 1.1192, dev p 0.4838, dev r 0.4625, dev f1 0.4729
iter step 17850, train loss 0.0722, dev loss 1.1021, dev p 0.4611, dev r 0.4753, dev f1 0.4681
>>>>>>>>>>>>>>>>>>>>>>>>>>>>>>>epoch 12>>>>>>>>>>>>>>>>>>>>>>>>>>>>>>>
iter step 17900, train loss 0.0680, dev loss 1.1662, dev p 0.4612, dev r 0.4816, dev f1 0.4712
iter step 17950, train loss 0.0604, dev loss 1.1243, dev p 0.4624, dev r 0.4824, dev f1 0.4722
iter step 18000, train loss 0.0623, dev loss 1.0378, dev p 0.4652, dev r 0.4685, dev f1 0.4668
iter step 18050, train loss 0.0610, dev loss 1.1005, dev p 0.4645, dev r 0.4798, dev f1 0.4720
iter step 18100, train loss 0.0678, dev loss 1.0238, dev p 0.4783, dev r 0.4739, dev f1 0.4761
iter step 18150, train loss 0.0702, dev loss 1.0589, dev p 0.4749, dev r 0.4796, dev f1 0.4772
iter step 18200, train loss 0.0610, dev loss 1.0965, dev p 0.4656, dev r 0.4728, dev f1 0.4692
iter step 18250, train loss 0.0652, dev loss 1.0238, dev p 0.4835, dev r 0.4468, dev f1 0.4644
iter step 18300, train loss 0.0678, dev loss 1.0916, dev p 0.4694, dev r 0.4724, dev f1 0.4709
iter step 18350, train loss 0.0583, dev loss 1.1360, dev p 0.4952, dev r 0.4642, dev f1 0.4792
iter step 18400, train loss 0.0572, dev loss 1.0877, dev p 0.4635, dev r 0.4792, dev f1 0.4712
iter step 18450, train loss 0.0606, dev loss 1.1132, dev p 0.4572, dev r 0.4844, dev f1 0.4704
iter step 18500, train loss 0.0581, dev loss 1.1721, dev p 0.4899, dev r 0.4670, dev f1 0.4782
iter step 18550, train loss 0.0598, dev loss 1.1051, dev p 0.4720, dev r 0.4739, dev f1 0.4730
iter step 18600, train loss 0.0656, dev loss 1.0442, dev p 0.4707, dev r 0.4651, dev f1 0.4679
iter step 18650, train loss 0.0653, dev loss 1.0974, dev p 0.4515, dev r 0.4683, dev f1 0.4597
iter step 18700, train loss 0.0657, dev loss 1.0169, dev p 0.4718, dev r 0.4653, dev f1 0.4685
iter step 18750, train loss 0.0646, dev loss 1.1174, dev p 0.4783, dev r 0.4490, dev f1 0.4632
iter step 18800, train loss 0.0566, dev loss 1.1466, dev p 0.4786, dev r 0.4616, dev f1 0.4699
iter step 18850, train loss 0.0555, dev loss 1.0835, dev p 0.4674, dev r 0.4696, dev f1 0.4685
iter step 18900, train loss 0.0601, dev loss 1.1052, dev p 0.4663, dev r 0.4754, dev f1 0.4708
iter step 18950, train loss 0.0660, dev loss 1.0319, dev p 0.4778, dev r 0.4723, dev f1 0.4750
iter step 19000, train loss 0.0680, dev loss 1.0934, dev p 0.4844, dev r 0.4603, dev f1 0.4720
iter step 19050, train loss 0.0656, dev loss 1.2068, dev p 0.4525, dev r 0.4844, dev f1 0.4679
iter step 19100, train loss 0.0594, dev loss 1.0862, dev p 0.4804, dev r 0.4651, dev f1 0.4727
iter step 19150, train loss 0.0621, dev loss 0.9679, dev p 0.4843, dev r 0.4558, dev f1 0.4696
iter step 19200, train loss 0.0681, dev loss 1.0427, dev p 0.4898, dev r 0.4573, dev f1 0.4729
iter step 19250, train loss 0.0684, dev loss 1.0088, dev p 0.4849, dev r 0.4683, dev f1 0.4764
iter step 19300, train loss 0.0687, dev loss 1.0857, dev p 0.4638, dev r 0.4869, dev f1 0.4751
iter step 19350, train loss 0.0657, dev loss 1.1217, dev p 0.4734, dev r 0.4711, dev f1 0.4723
iter step 19400, train loss 0.0668, dev loss 1.0585, dev p 0.4904, dev r 0.4561, dev f1 0.4727
iter step 19450, train loss 0.0648, dev loss 1.0763, dev p 0.4863, dev r 0.4674, dev f1 0.4767
>>>>>>>>>>>>>>>>>>>>>>>>>>>>>>>epoch 13>>>>>>>>>>>>>>>>>>>>>>>>>>>>>>>
iter step 19500, train loss 0.0645, dev loss 1.0721, dev p 0.4752, dev r 0.4768, dev f1 0.4760
iter step 19550, train loss 0.0593, dev loss 1.1100, dev p 0.4913, dev r 0.4591, dev f1 0.4747
iter step 19600, train loss 0.0487, dev loss 1.1638, dev p 0.4695, dev r 0.4805, dev f1 0.4749
iter step 19650, train loss 0.0545, dev loss 1.0718, dev p 0.4712, dev r 0.4794, dev f1 0.4753
iter step 19700, train loss 0.0532, dev loss 1.2108, dev p 0.4829, dev r 0.4668, dev f1 0.4747
iter step 19750, train loss 0.0492, dev loss 1.0936, dev p 0.5017, dev r 0.4634, dev f1 0.4818
iter step 19800, train loss 0.0549, dev loss 1.1545, dev p 0.4758, dev r 0.4674, dev f1 0.4715
iter step 19850, train loss 0.0550, dev loss 1.1663, dev p 0.4683, dev r 0.4820, dev f1 0.4751
iter step 19900, train loss 0.0522, dev loss 1.1585, dev p 0.4751, dev r 0.4687, dev f1 0.4719
iter step 19950, train loss 0.0549, dev loss 1.1315, dev p 0.4751, dev r 0.4751, dev f1 0.4751
iter step 20000, train loss 0.0561, dev loss 1.1730, dev p 0.4729, dev r 0.4760, dev f1 0.4744
iter step 20050, train loss 0.0484, dev loss 1.2728, dev p 0.4642, dev r 0.4738, dev f1 0.4689
iter step 20100, train loss 0.0520, dev loss 1.0885, dev p 0.4670, dev r 0.4732, dev f1 0.4701
iter step 20150, train loss 0.0539, dev loss 1.1451, dev p 0.4800, dev r 0.4899, dev f1 0.4849
iter step 20200, train loss 0.0510, dev loss 1.1632, dev p 0.4741, dev r 0.4781, dev f1 0.4761
iter step 20250, train loss 0.0518, dev loss 1.2011, dev p 0.4825, dev r 0.4805, dev f1 0.4815
iter step 20300, train loss 0.0531, dev loss 1.1745, dev p 0.4848, dev r 0.4820, dev f1 0.4834
iter step 20350, train loss 0.0589, dev loss 1.0942, dev p 0.4620, dev r 0.4869, dev f1 0.4741
iter step 20400, train loss 0.0574, dev loss 1.1480, dev p 0.4976, dev r 0.4646, dev f1 0.4805
iter step 20450, train loss 0.0524, dev loss 1.1349, dev p 0.4707, dev r 0.4706, dev f1 0.4706
iter step 20500, train loss 0.0560, dev loss 1.1436, dev p 0.4915, dev r 0.4672, dev f1 0.4790
iter step 20550, train loss 0.0589, dev loss 1.1493, dev p 0.4792, dev r 0.4700, dev f1 0.4745
iter step 20600, train loss 0.0547, dev loss 1.1676, dev p 0.4783, dev r 0.4743, dev f1 0.4763
iter step 20650, train loss 0.0493, dev loss 1.1745, dev p 0.4823, dev r 0.4661, dev f1 0.4741
iter step 20700, train loss 0.0506, dev loss 1.1888, dev p 0.4654, dev r 0.4874, dev f1 0.4761
iter step 20750, train loss 0.0502, dev loss 1.2220, dev p 0.4750, dev r 0.4633, dev f1 0.4691
iter step 20800, train loss 0.0474, dev loss 1.1820, dev p 0.4718, dev r 0.4730, dev f1 0.4724
iter step 20850, train loss 0.0466, dev loss 1.2148, dev p 0.4762, dev r 0.4749, dev f1 0.4755
iter step 20900, train loss 0.0464, dev loss 1.1637, dev p 0.4810, dev r 0.4766, dev f1 0.4788
iter step 20950, train loss 0.0524, dev loss 1.1304, dev p 0.4891, dev r 0.4754, dev f1 0.4822
iter step 21000, train loss 0.0560, dev loss 1.1693, dev p 0.4662, dev r 0.4799, dev f1 0.4730
iter step 21050, train loss 0.0528, dev loss 1.1688, dev p 0.4746, dev r 0.4657, dev f1 0.4701
iter step 21100, train loss 0.0562, dev loss 1.0492, dev p 0.4891, dev r 0.4700, dev f1 0.4793
>>>>>>>>>>>>>>>>>>>>>>>>>>>>>>>epoch 14>>>>>>>>>>>>>>>>>>>>>>>>>>>>>>>
iter step 21150, train loss 0.0543, dev loss 1.1679, dev p 0.4834, dev r 0.4828, dev f1 0.4831
iter step 21200, train loss 0.0440, dev loss 1.1611, dev p 0.4711, dev r 0.4760, dev f1 0.4736
iter step 21250, train loss 0.0412, dev loss 1.2144, dev p 0.4732, dev r 0.4745, dev f1 0.4738
iter step 21300, train loss 0.0369, dev loss 1.3097, dev p 0.4725, dev r 0.4835, dev f1 0.4779
iter step 21350, train loss 0.0426, dev loss 1.1922, dev p 0.4687, dev r 0.4627, dev f1 0.4657
iter step 21400, train loss 0.0466, dev loss 1.1550, dev p 0.4779, dev r 0.4719, dev f1 0.4749
iter step 21450, train loss 0.0392, dev loss 1.2370, dev p 0.4646, dev r 0.4837, dev f1 0.4740
iter step 21500, train loss 0.0408, dev loss 1.1734, dev p 0.4874, dev r 0.4706, dev f1 0.4788
iter step 21550, train loss 0.0443, dev loss 1.1296, dev p 0.4623, dev r 0.4846, dev f1 0.4732
iter step 21600, train loss 0.0397, dev loss 1.2136, dev p 0.4711, dev r 0.4820, dev f1 0.4765
iter step 21650, train loss 0.0383, dev loss 1.2149, dev p 0.4874, dev r 0.4816, dev f1 0.4845
iter step 21700, train loss 0.0398, dev loss 1.2652, dev p 0.4559, dev r 0.4916, dev f1 0.4731
iter step 21750, train loss 0.0430, dev loss 1.1774, dev p 0.4749, dev r 0.4846, dev f1 0.4797
iter step 21800, train loss 0.0434, dev loss 1.1921, dev p 0.4879, dev r 0.4777, dev f1 0.4828
iter step 21850, train loss 0.0384, dev loss 1.1555, dev p 0.4810, dev r 0.4706, dev f1 0.4757
iter step 21900, train loss 0.0413, dev loss 1.1974, dev p 0.4903, dev r 0.4762, dev f1 0.4831
iter step 21950, train loss 0.0454, dev loss 1.1966, dev p 0.4811, dev r 0.4760, dev f1 0.4785
iter step 22000, train loss 0.0409, dev loss 1.2797, dev p 0.4788, dev r 0.4828, dev f1 0.4808
iter step 22050, train loss 0.0416, dev loss 1.2261, dev p 0.4727, dev r 0.4771, dev f1 0.4749
iter step 22100, train loss 0.0472, dev loss 1.1865, dev p 0.4751, dev r 0.4708, dev f1 0.4729
iter step 22150, train loss 0.0465, dev loss 1.1873, dev p 0.4788, dev r 0.4743, dev f1 0.4765
iter step 22200, train loss 0.0472, dev loss 1.1361, dev p 0.4674, dev r 0.4818, dev f1 0.4745
iter step 22250, train loss 0.0444, dev loss 1.2363, dev p 0.4793, dev r 0.4768, dev f1 0.4780
iter step 22300, train loss 0.0434, dev loss 1.1761, dev p 0.4761, dev r 0.4743, dev f1 0.4752
iter step 22350, train loss 0.0487, dev loss 1.1340, dev p 0.4672, dev r 0.4653, dev f1 0.4663
iter step 22400, train loss 0.0469, dev loss 1.1606, dev p 0.4642, dev r 0.4790, dev f1 0.4715
iter step 22450, train loss 0.0429, dev loss 1.1772, dev p 0.4685, dev r 0.4829, dev f1 0.4756
iter step 22500, train loss 0.0423, dev loss 1.2167, dev p 0.4696, dev r 0.4694, dev f1 0.4695
iter step 22550, train loss 0.0396, dev loss 1.2258, dev p 0.4604, dev r 0.4816, dev f1 0.4708
iter step 22600, train loss 0.0389, dev loss 1.2043, dev p 0.4858, dev r 0.4702, dev f1 0.4778
iter step 22650, train loss 0.0439, dev loss 1.1912, dev p 0.4798, dev r 0.4747, dev f1 0.4772
iter step 22700, train loss 0.0464, dev loss 1.1461, dev p 0.4826, dev r 0.4736, dev f1 0.4780
>> early stop
