>> training arguments:
>> mode: train
>> suffix: hfl-bert
>> model_name: mug
>> pretrained_model_name_or_path: plms/roberta-base-hfl
>> train_data_name: lasted
>> test_data_name: lasted
>> data_dir: datasets
>> output_dir: outputs/hfl-bert
>> cache_dir: caches
>> embed_learning_rate: 5e-05
>> embed_weight_decay: 0.0
>> learning_rate: 0.0005
>> weight_decay: 0.0
>> hidden_size: 768
>> sentiment_size: 4
>> tag_size: 3
>> batch_size: 16
>> max_length: 150
>> num_repeats: 1
>> num_train_epochs: 20
>> num_patience_epochs: 5
>> warmup_ratio: 0.1
>> max_grad_norm: 1.0
>> log_interval: 50
>> seed: 776
>> use_adapter: False
>> train_data_dir: datasets/lasted
>> test_data_dir: datasets/lasted
>> num_gpus: 1
>> device: cuda
>> model_class: <class 'models.mug.MuG'>
>> input_fields: ['text_indices', 'text_mask', 'target_indices', 'opinion_indices', 'sentiment_indices']
>> loading cached tokenizer from plms/roberta-base-hfl
>> loading cached embedding from plms/roberta-base-hfl
>> building data
*************************training on lasted**************************
###############################repeat 1###############################
>>>>>>>>>>>>>>>>>>>>>>>>>>>>>>>epoch 1>>>>>>>>>>>>>>>>>>>>>>>>>>>>>>>>
iter step 50, train loss 3.1524, dev loss 2.2441, dev p 0.0000, dev r 0.0000, dev f1 0.0000
iter step 100, train loss 2.5238, dev loss 1.5295, dev p 0.0000, dev r 0.0000, dev f1 0.0000
iter step 150, train loss 1.6305, dev loss 1.2250, dev p 0.0000, dev r 0.0000, dev f1 0.0000
iter step 200, train loss 1.2588, dev loss 1.0557, dev p 0.0000, dev r 0.0000, dev f1 0.0000
iter step 250, train loss 1.0749, dev loss 0.9211, dev p 1.0000, dev r 0.0002, dev f1 0.0004
>> new best
iter step 300, train loss 0.9373, dev loss 0.7935, dev p 0.2946, dev r 0.0471, dev f1 0.0811
>> new best
iter step 350, train loss 0.8303, dev loss 0.7307, dev p 0.3033, dev r 0.0922, dev f1 0.1415
>> new best
iter step 400, train loss 0.7433, dev loss 0.6890, dev p 0.2917, dev r 0.1421, dev f1 0.1911
>> new best
iter step 450, train loss 0.6962, dev loss 0.6593, dev p 0.3646, dev r 0.1312, dev f1 0.1930
>> new best
iter step 500, train loss 0.6861, dev loss 0.6516, dev p 0.4102, dev r 0.1134, dev f1 0.1777
iter step 550, train loss 0.6666, dev loss 0.6269, dev p 0.3555, dev r 0.1511, dev f1 0.2121
>> new best
iter step 600, train loss 0.6463, dev loss 0.6198, dev p 0.3096, dev r 0.2205, dev f1 0.2575
>> new best
iter step 650, train loss 0.6369, dev loss 0.6747, dev p 0.3331, dev r 0.2372, dev f1 0.2770
>> new best
iter step 700, train loss 0.6395, dev loss 0.5951, dev p 0.3596, dev r 0.2349, dev f1 0.2842
>> new best
iter step 750, train loss 0.6353, dev loss 0.5906, dev p 0.4051, dev r 0.2285, dev f1 0.2922
>> new best
iter step 800, train loss 0.6272, dev loss 0.5990, dev p 0.4452, dev r 0.2201, dev f1 0.2946
>> new best
iter step 850, train loss 0.6193, dev loss 0.5825, dev p 0.4696, dev r 0.2559, dev f1 0.3313
>> new best
iter step 900, train loss 0.6111, dev loss 0.6124, dev p 0.3650, dev r 0.3093, dev f1 0.3349
>> new best
iter step 950, train loss 0.6074, dev loss 0.6082, dev p 0.4008, dev r 0.2932, dev f1 0.3387
>> new best
iter step 1000, train loss 0.5950, dev loss 0.5659, dev p 0.5014, dev r 0.2370, dev f1 0.3218
iter step 1050, train loss 0.6044, dev loss 0.5678, dev p 0.4401, dev r 0.3045, dev f1 0.3599
>> new best
iter step 1100, train loss 0.5945, dev loss 0.6023, dev p 0.4800, dev r 0.2955, dev f1 0.3658
>> new best
iter step 1150, train loss 0.5693, dev loss 0.5585, dev p 0.4271, dev r 0.3376, dev f1 0.3771
>> new best
iter step 1200, train loss 0.5539, dev loss 0.5505, dev p 0.4463, dev r 0.3403, dev f1 0.3861
>> new best
>>>>>>>>>>>>>>>>>>>>>>>>>>>>>>>epoch 2>>>>>>>>>>>>>>>>>>>>>>>>>>>>>>>>
iter step 1250, train loss 0.5491, dev loss 0.5804, dev p 0.4320, dev r 0.3468, dev f1 0.3848
iter step 1300, train loss 0.5451, dev loss 0.5694, dev p 0.4499, dev r 0.3487, dev f1 0.3929
>> new best
iter step 1350, train loss 0.5324, dev loss 0.5485, dev p 0.4841, dev r 0.3255, dev f1 0.3892
iter step 1400, train loss 0.5406, dev loss 0.5587, dev p 0.4630, dev r 0.3521, dev f1 0.4000
>> new best
iter step 1450, train loss 0.5269, dev loss 0.5776, dev p 0.4167, dev r 0.3594, dev f1 0.3859
iter step 1500, train loss 0.5220, dev loss 0.5478, dev p 0.4719, dev r 0.3208, dev f1 0.3819
iter step 1550, train loss 0.5257, dev loss 0.5669, dev p 0.4626, dev r 0.3742, dev f1 0.4137
>> new best
iter step 1600, train loss 0.5213, dev loss 0.5530, dev p 0.4819, dev r 0.3024, dev f1 0.3716
iter step 1650, train loss 0.5277, dev loss 0.5489, dev p 0.4962, dev r 0.3307, dev f1 0.3969
iter step 1700, train loss 0.5125, dev loss 0.5707, dev p 0.4555, dev r 0.3714, dev f1 0.4092
iter step 1750, train loss 0.5038, dev loss 0.5550, dev p 0.5093, dev r 0.3024, dev f1 0.3795
iter step 1800, train loss 0.5083, dev loss 0.5556, dev p 0.4429, dev r 0.3611, dev f1 0.3978
iter step 1850, train loss 0.5277, dev loss 0.5497, dev p 0.5000, dev r 0.3337, dev f1 0.4003
iter step 1900, train loss 0.5359, dev loss 0.5508, dev p 0.4903, dev r 0.2994, dev f1 0.3718
iter step 1950, train loss 0.5184, dev loss 0.5945, dev p 0.4375, dev r 0.3279, dev f1 0.3748
iter step 2000, train loss 0.5133, dev loss 0.5368, dev p 0.4950, dev r 0.3451, dev f1 0.4067
iter step 2050, train loss 0.5128, dev loss 0.5331, dev p 0.4954, dev r 0.3697, dev f1 0.4234
>> new best
iter step 2100, train loss 0.5184, dev loss 0.5355, dev p 0.5071, dev r 0.3540, dev f1 0.4169
iter step 2150, train loss 0.5211, dev loss 0.5663, dev p 0.4581, dev r 0.3793, dev f1 0.4150
iter step 2200, train loss 0.5196, dev loss 0.5450, dev p 0.4624, dev r 0.3971, dev f1 0.4273
>> new best
iter step 2250, train loss 0.5191, dev loss 0.5302, dev p 0.5448, dev r 0.3420, dev f1 0.4202
iter step 2300, train loss 0.5232, dev loss 0.5532, dev p 0.4719, dev r 0.3922, dev f1 0.4284
>> new best
iter step 2350, train loss 0.5455, dev loss 0.5403, dev p 0.5396, dev r 0.3270, dev f1 0.4072
iter step 2400, train loss 0.5443, dev loss 0.5378, dev p 0.4875, dev r 0.3774, dev f1 0.4254
>>>>>>>>>>>>>>>>>>>>>>>>>>>>>>>epoch 3>>>>>>>>>>>>>>>>>>>>>>>>>>>>>>>>
iter step 2450, train loss 0.5146, dev loss 0.5438, dev p 0.5918, dev r 0.3215, dev f1 0.4167
iter step 2500, train loss 0.4501, dev loss 0.5895, dev p 0.4832, dev r 0.3660, dev f1 0.4165
iter step 2550, train loss 0.4227, dev loss 0.5456, dev p 0.4640, dev r 0.3894, dev f1 0.4234
iter step 2600, train loss 0.4374, dev loss 0.5377, dev p 0.5107, dev r 0.3986, dev f1 0.4477
>> new best
iter step 2650, train loss 0.4342, dev loss 0.6022, dev p 0.4355, dev r 0.3935, dev f1 0.4134
iter step 2700, train loss 0.4405, dev loss 0.5680, dev p 0.4748, dev r 0.3928, dev f1 0.4299
iter step 2750, train loss 0.4242, dev loss 0.6143, dev p 0.5929, dev r 0.2357, dev f1 0.3373
iter step 2800, train loss 0.4266, dev loss 0.5647, dev p 0.4586, dev r 0.3845, dev f1 0.4183
iter step 2850, train loss 0.4404, dev loss 0.5591, dev p 0.4730, dev r 0.3592, dev f1 0.4083
iter step 2900, train loss 0.4200, dev loss 0.5720, dev p 0.4678, dev r 0.4003, dev f1 0.4314
iter step 2950, train loss 0.4233, dev loss 0.5660, dev p 0.4853, dev r 0.3787, dev f1 0.4254
iter step 3000, train loss 0.4344, dev loss 0.5560, dev p 0.4664, dev r 0.3721, dev f1 0.4140
iter step 3050, train loss 0.4244, dev loss 0.5767, dev p 0.4849, dev r 0.3913, dev f1 0.4331
iter step 3100, train loss 0.4255, dev loss 0.5699, dev p 0.4817, dev r 0.4111, dev f1 0.4436
iter step 3150, train loss 0.4382, dev loss 0.5727, dev p 0.4749, dev r 0.3744, dev f1 0.4187
iter step 3200, train loss 0.4465, dev loss 0.5555, dev p 0.5239, dev r 0.3519, dev f1 0.4210
iter step 3250, train loss 0.4468, dev loss 0.5342, dev p 0.5113, dev r 0.4068, dev f1 0.4531
>> new best
iter step 3300, train loss 0.4416, dev loss 0.5318, dev p 0.5299, dev r 0.3675, dev f1 0.4340
iter step 3350, train loss 0.4315, dev loss 0.5522, dev p 0.5270, dev r 0.3624, dev f1 0.4295
iter step 3400, train loss 0.4340, dev loss 0.5345, dev p 0.5280, dev r 0.3690, dev f1 0.4344
iter step 3450, train loss 0.4424, dev loss 0.5451, dev p 0.4898, dev r 0.4108, dev f1 0.4468
iter step 3500, train loss 0.4433, dev loss 0.5425, dev p 0.4799, dev r 0.3939, dev f1 0.4327
iter step 3550, train loss 0.4405, dev loss 0.5418, dev p 0.4518, dev r 0.4231, dev f1 0.4370
iter step 3600, train loss 0.4390, dev loss 0.5598, dev p 0.4683, dev r 0.4119, dev f1 0.4383
iter step 3650, train loss 0.4370, dev loss 0.5344, dev p 0.5441, dev r 0.3815, dev f1 0.4485
>>>>>>>>>>>>>>>>>>>>>>>>>>>>>>>epoch 4>>>>>>>>>>>>>>>>>>>>>>>>>>>>>>>>
iter step 3700, train loss 0.3832, dev loss 0.5821, dev p 0.4970, dev r 0.3922, dev f1 0.4384
iter step 3750, train loss 0.3210, dev loss 0.6190, dev p 0.4635, dev r 0.4111, dev f1 0.4358
iter step 3800, train loss 0.3063, dev loss 0.6267, dev p 0.4213, dev r 0.4393, dev f1 0.4301
iter step 3850, train loss 0.3222, dev loss 0.5866, dev p 0.4671, dev r 0.4055, dev f1 0.4341
iter step 3900, train loss 0.3342, dev loss 0.7128, dev p 0.4701, dev r 0.4053, dev f1 0.4353
iter step 3950, train loss 0.3393, dev loss 0.5865, dev p 0.4940, dev r 0.4016, dev f1 0.4430
iter step 4000, train loss 0.3469, dev loss 0.6040, dev p 0.4975, dev r 0.4085, dev f1 0.4486
iter step 4050, train loss 0.3464, dev loss 0.6247, dev p 0.4747, dev r 0.4203, dev f1 0.4459
iter step 4100, train loss 0.3538, dev loss 0.5872, dev p 0.5163, dev r 0.3483, dev f1 0.4160
iter step 4150, train loss 0.3389, dev loss 0.6127, dev p 0.5016, dev r 0.4156, dev f1 0.4546
>> new best
iter step 4200, train loss 0.3299, dev loss 0.6343, dev p 0.4664, dev r 0.4025, dev f1 0.4321
iter step 4250, train loss 0.3350, dev loss 0.6680, dev p 0.4780, dev r 0.3980, dev f1 0.4344
iter step 4300, train loss 0.3290, dev loss 0.6196, dev p 0.4720, dev r 0.4175, dev f1 0.4431
iter step 4350, train loss 0.3349, dev loss 0.5990, dev p 0.4718, dev r 0.4289, dev f1 0.4493
iter step 4400, train loss 0.3367, dev loss 0.6142, dev p 0.4932, dev r 0.4027, dev f1 0.4434
iter step 4450, train loss 0.3344, dev loss 0.5819, dev p 0.5057, dev r 0.3793, dev f1 0.4335
iter step 4500, train loss 0.3306, dev loss 0.6082, dev p 0.4404, dev r 0.4096, dev f1 0.4245
iter step 4550, train loss 0.3250, dev loss 0.6092, dev p 0.4760, dev r 0.3793, dev f1 0.4222
iter step 4600, train loss 0.3332, dev loss 0.6304, dev p 0.4798, dev r 0.3791, dev f1 0.4235
iter step 4650, train loss 0.3306, dev loss 0.6966, dev p 0.4795, dev r 0.4102, dev f1 0.4421
iter step 4700, train loss 0.3500, dev loss 0.5912, dev p 0.5162, dev r 0.3969, dev f1 0.4487
iter step 4750, train loss 0.3580, dev loss 0.6013, dev p 0.5229, dev r 0.3811, dev f1 0.4409
iter step 4800, train loss 0.3326, dev loss 0.6039, dev p 0.5143, dev r 0.3935, dev f1 0.4459
iter step 4850, train loss 0.3285, dev loss 0.6057, dev p 0.5099, dev r 0.4134, dev f1 0.4566
>> new best
>>>>>>>>>>>>>>>>>>>>>>>>>>>>>>>epoch 5>>>>>>>>>>>>>>>>>>>>>>>>>>>>>>>>
iter step 4900, train loss 0.3166, dev loss 0.7043, dev p 0.4858, dev r 0.3888, dev f1 0.4319
iter step 4950, train loss 0.2722, dev loss 0.7335, dev p 0.4936, dev r 0.3967, dev f1 0.4399
iter step 5000, train loss 0.2455, dev loss 0.6855, dev p 0.5013, dev r 0.4046, dev f1 0.4478
iter step 5050, train loss 0.2367, dev loss 0.6916, dev p 0.4785, dev r 0.4053, dev f1 0.4389
iter step 5100, train loss 0.2364, dev loss 0.7039, dev p 0.5160, dev r 0.3564, dev f1 0.4216
iter step 5150, train loss 0.2487, dev loss 0.6234, dev p 0.5068, dev r 0.3886, dev f1 0.4399
iter step 5200, train loss 0.2494, dev loss 0.7306, dev p 0.5020, dev r 0.4063, dev f1 0.4491
iter step 5250, train loss 0.2581, dev loss 0.6556, dev p 0.4730, dev r 0.4366, dev f1 0.4541
iter step 5300, train loss 0.2666, dev loss 0.6424, dev p 0.5097, dev r 0.3935, dev f1 0.4441
iter step 5350, train loss 0.2672, dev loss 0.6674, dev p 0.4887, dev r 0.4353, dev f1 0.4605
>> new best
iter step 5400, train loss 0.2604, dev loss 0.6143, dev p 0.4988, dev r 0.4008, dev f1 0.4445
iter step 5450, train loss 0.2542, dev loss 0.6670, dev p 0.4563, dev r 0.4501, dev f1 0.4532
iter step 5500, train loss 0.2597, dev loss 0.6178, dev p 0.4767, dev r 0.4252, dev f1 0.4495
iter step 5550, train loss 0.2806, dev loss 0.6453, dev p 0.5172, dev r 0.3984, dev f1 0.4501
iter step 5600, train loss 0.2775, dev loss 0.7120, dev p 0.4600, dev r 0.4445, dev f1 0.4521
iter step 5650, train loss 0.2684, dev loss 0.6386, dev p 0.4745, dev r 0.4244, dev f1 0.4481
iter step 5700, train loss 0.2813, dev loss 0.6268, dev p 0.4856, dev r 0.4136, dev f1 0.4467
iter step 5750, train loss 0.2784, dev loss 0.6719, dev p 0.4745, dev r 0.4216, dev f1 0.4465
iter step 5800, train loss 0.2689, dev loss 0.6722, dev p 0.5133, dev r 0.4117, dev f1 0.4569
iter step 5850, train loss 0.2651, dev loss 0.6758, dev p 0.4629, dev r 0.4385, dev f1 0.4504
iter step 5900, train loss 0.2616, dev loss 0.6406, dev p 0.5204, dev r 0.3975, dev f1 0.4507
iter step 5950, train loss 0.2654, dev loss 0.5814, dev p 0.5111, dev r 0.4177, dev f1 0.4597
iter step 6000, train loss 0.2572, dev loss 0.7057, dev p 0.4815, dev r 0.4280, dev f1 0.4532
iter step 6050, train loss 0.2388, dev loss 0.7449, dev p 0.5040, dev r 0.3999, dev f1 0.4459
>>>>>>>>>>>>>>>>>>>>>>>>>>>>>>>epoch 6>>>>>>>>>>>>>>>>>>>>>>>>>>>>>>>>
iter step 6100, train loss 0.2499, dev loss 0.7070, dev p 0.5057, dev r 0.4046, dev f1 0.4495
iter step 6150, train loss 0.2288, dev loss 0.7484, dev p 0.4579, dev r 0.4213, dev f1 0.4388
iter step 6200, train loss 0.2018, dev loss 0.6844, dev p 0.5137, dev r 0.4031, dev f1 0.4517
iter step 6250, train loss 0.1964, dev loss 0.7635, dev p 0.4830, dev r 0.4471, dev f1 0.4644
>> new best
iter step 6300, train loss 0.1910, dev loss 0.7003, dev p 0.5157, dev r 0.4042, dev f1 0.4532
iter step 6350, train loss 0.2039, dev loss 0.7672, dev p 0.4657, dev r 0.4186, dev f1 0.4409
iter step 6400, train loss 0.2025, dev loss 0.7350, dev p 0.4519, dev r 0.4327, dev f1 0.4421
iter step 6450, train loss 0.1939, dev loss 0.7522, dev p 0.4846, dev r 0.4168, dev f1 0.4481
iter step 6500, train loss 0.2013, dev loss 0.6987, dev p 0.4683, dev r 0.4241, dev f1 0.4451
iter step 6550, train loss 0.2170, dev loss 0.7953, dev p 0.4888, dev r 0.4166, dev f1 0.4498
iter step 6600, train loss 0.2188, dev loss 0.7231, dev p 0.4923, dev r 0.4072, dev f1 0.4457
iter step 6650, train loss 0.2013, dev loss 0.7945, dev p 0.4617, dev r 0.4263, dev f1 0.4433
iter step 6700, train loss 0.2026, dev loss 0.8069, dev p 0.4445, dev r 0.4417, dev f1 0.4431
iter step 6750, train loss 0.2061, dev loss 0.8553, dev p 0.4705, dev r 0.4282, dev f1 0.4484
iter step 6800, train loss 0.2069, dev loss 0.7595, dev p 0.4840, dev r 0.4190, dev f1 0.4492
iter step 6850, train loss 0.2231, dev loss 0.7283, dev p 0.5021, dev r 0.4083, dev f1 0.4504
iter step 6900, train loss 0.2158, dev loss 0.6725, dev p 0.4933, dev r 0.4064, dev f1 0.4457
iter step 6950, train loss 0.2047, dev loss 0.7625, dev p 0.4730, dev r 0.4325, dev f1 0.4519
iter step 7000, train loss 0.2158, dev loss 0.7624, dev p 0.4809, dev r 0.4136, dev f1 0.4447
iter step 7050, train loss 0.2108, dev loss 0.7422, dev p 0.4866, dev r 0.4267, dev f1 0.4547
iter step 7100, train loss 0.2034, dev loss 0.7812, dev p 0.4718, dev r 0.4509, dev f1 0.4611
iter step 7150, train loss 0.2150, dev loss 0.7445, dev p 0.4950, dev r 0.4136, dev f1 0.4506
iter step 7200, train loss 0.2149, dev loss 0.7458, dev p 0.4464, dev r 0.4644, dev f1 0.4552
iter step 7250, train loss 0.2098, dev loss 0.7044, dev p 0.4739, dev r 0.4214, dev f1 0.4461
iter step 7300, train loss 0.2149, dev loss 0.7346, dev p 0.4775, dev r 0.4319, dev f1 0.4536
>>>>>>>>>>>>>>>>>>>>>>>>>>>>>>>epoch 7>>>>>>>>>>>>>>>>>>>>>>>>>>>>>>>>
iter step 7350, train loss 0.1929, dev loss 0.8153, dev p 0.4946, dev r 0.4053, dev f1 0.4455
iter step 7400, train loss 0.1688, dev loss 0.8068, dev p 0.4873, dev r 0.4138, dev f1 0.4475
iter step 7450, train loss 0.1719, dev loss 0.8330, dev p 0.4619, dev r 0.4468, dev f1 0.4542
iter step 7500, train loss 0.1567, dev loss 0.9405, dev p 0.4586, dev r 0.4269, dev f1 0.4422
iter step 7550, train loss 0.1518, dev loss 0.7632, dev p 0.4654, dev r 0.4203, dev f1 0.4417
iter step 7600, train loss 0.1633, dev loss 0.8323, dev p 0.4736, dev r 0.4124, dev f1 0.4409
iter step 7650, train loss 0.1631, dev loss 0.8590, dev p 0.4390, dev r 0.4423, dev f1 0.4406
iter step 7700, train loss 0.1681, dev loss 0.8292, dev p 0.4911, dev r 0.3864, dev f1 0.4325
iter step 7750, train loss 0.1687, dev loss 0.8415, dev p 0.4724, dev r 0.4280, dev f1 0.4491
iter step 7800, train loss 0.1723, dev loss 0.7879, dev p 0.4977, dev r 0.4063, dev f1 0.4474
iter step 7850, train loss 0.1876, dev loss 0.7913, dev p 0.4594, dev r 0.4473, dev f1 0.4533
iter step 7900, train loss 0.1820, dev loss 0.7712, dev p 0.4989, dev r 0.4297, dev f1 0.4617
iter step 7950, train loss 0.1715, dev loss 0.8074, dev p 0.4958, dev r 0.3969, dev f1 0.4409
iter step 8000, train loss 0.1791, dev loss 0.7783, dev p 0.4795, dev r 0.4333, dev f1 0.4552
iter step 8050, train loss 0.1786, dev loss 0.8315, dev p 0.4653, dev r 0.4436, dev f1 0.4542
iter step 8100, train loss 0.1758, dev loss 0.7869, dev p 0.4872, dev r 0.4325, dev f1 0.4582
iter step 8150, train loss 0.1673, dev loss 0.8531, dev p 0.4760, dev r 0.4370, dev f1 0.4557
iter step 8200, train loss 0.1607, dev loss 0.7967, dev p 0.4744, dev r 0.4361, dev f1 0.4544
iter step 8250, train loss 0.1724, dev loss 0.7888, dev p 0.4804, dev r 0.4196, dev f1 0.4479
iter step 8300, train loss 0.1745, dev loss 0.7870, dev p 0.4934, dev r 0.4274, dev f1 0.4581
iter step 8350, train loss 0.1802, dev loss 0.7934, dev p 0.4794, dev r 0.4169, dev f1 0.4460
iter step 8400, train loss 0.1866, dev loss 0.8505, dev p 0.4361, dev r 0.4488, dev f1 0.4424
iter step 8450, train loss 0.1829, dev loss 0.8281, dev p 0.4556, dev r 0.4447, dev f1 0.4501
iter step 8500, train loss 0.1683, dev loss 0.8363, dev p 0.4629, dev r 0.4456, dev f1 0.4541
>>>>>>>>>>>>>>>>>>>>>>>>>>>>>>>epoch 8>>>>>>>>>>>>>>>>>>>>>>>>>>>>>>>>
iter step 8550, train loss 0.1570, dev loss 0.8571, dev p 0.4554, dev r 0.4456, dev f1 0.4504
iter step 8600, train loss 0.1448, dev loss 0.8701, dev p 0.4789, dev r 0.4370, dev f1 0.4570
iter step 8650, train loss 0.1289, dev loss 0.8254, dev p 0.4945, dev r 0.4113, dev f1 0.4491
iter step 8700, train loss 0.1284, dev loss 0.8231, dev p 0.4844, dev r 0.4078, dev f1 0.4428
iter step 8750, train loss 0.1281, dev loss 0.8997, dev p 0.4719, dev r 0.4454, dev f1 0.4583
iter step 8800, train loss 0.1334, dev loss 0.9033, dev p 0.4822, dev r 0.4318, dev f1 0.4556
iter step 8850, train loss 0.1390, dev loss 0.9068, dev p 0.4751, dev r 0.4237, dev f1 0.4479
iter step 8900, train loss 0.1407, dev loss 0.8827, dev p 0.4663, dev r 0.4625, dev f1 0.4644
>> new best
iter step 8950, train loss 0.1384, dev loss 0.8944, dev p 0.4558, dev r 0.4576, dev f1 0.4567
iter step 9000, train loss 0.1320, dev loss 0.9093, dev p 0.4582, dev r 0.4558, dev f1 0.4569
iter step 9050, train loss 0.1383, dev loss 0.8001, dev p 0.4721, dev r 0.4441, dev f1 0.4577
iter step 9100, train loss 0.1418, dev loss 0.8741, dev p 0.5162, dev r 0.4044, dev f1 0.4535
iter step 9150, train loss 0.1411, dev loss 0.8934, dev p 0.4619, dev r 0.4299, dev f1 0.4453
iter step 9200, train loss 0.1383, dev loss 0.9309, dev p 0.4891, dev r 0.4250, dev f1 0.4548
iter step 9250, train loss 0.1363, dev loss 0.8397, dev p 0.5299, dev r 0.3931, dev f1 0.4514
iter step 9300, train loss 0.1452, dev loss 0.8655, dev p 0.4461, dev r 0.4468, dev f1 0.4464
iter step 9350, train loss 0.1495, dev loss 0.8869, dev p 0.5120, dev r 0.3952, dev f1 0.4461
iter step 9400, train loss 0.1506, dev loss 0.8127, dev p 0.4865, dev r 0.4040, dev f1 0.4414
iter step 9450, train loss 0.1516, dev loss 0.8531, dev p 0.4686, dev r 0.4312, dev f1 0.4491
iter step 9500, train loss 0.1461, dev loss 0.9219, dev p 0.4647, dev r 0.4391, dev f1 0.4515
iter step 9550, train loss 0.1469, dev loss 0.8883, dev p 0.4728, dev r 0.4479, dev f1 0.4600
iter step 9600, train loss 0.1531, dev loss 0.8217, dev p 0.4876, dev r 0.4310, dev f1 0.4576
iter step 9650, train loss 0.1510, dev loss 0.8357, dev p 0.4842, dev r 0.4432, dev f1 0.4628
iter step 9700, train loss 0.1435, dev loss 0.8817, dev p 0.4830, dev r 0.4576, dev f1 0.4700
>> new best
>>>>>>>>>>>>>>>>>>>>>>>>>>>>>>>epoch 9>>>>>>>>>>>>>>>>>>>>>>>>>>>>>>>>
iter step 9750, train loss 0.1423, dev loss 0.8217, dev p 0.5110, dev r 0.4098, dev f1 0.4548
iter step 9800, train loss 0.1263, dev loss 0.9144, dev p 0.4746, dev r 0.4438, dev f1 0.4587
iter step 9850, train loss 0.1113, dev loss 0.9842, dev p 0.4726, dev r 0.4546, dev f1 0.4634
iter step 9900, train loss 0.1207, dev loss 0.8929, dev p 0.4865, dev r 0.4226, dev f1 0.4523
iter step 9950, train loss 0.1212, dev loss 0.9171, dev p 0.4917, dev r 0.4149, dev f1 0.4500
iter step 10000, train loss 0.1223, dev loss 0.8827, dev p 0.4833, dev r 0.4183, dev f1 0.4484
iter step 10050, train loss 0.1234, dev loss 0.9319, dev p 0.4707, dev r 0.4439, dev f1 0.4569
iter step 10100, train loss 0.1117, dev loss 0.9357, dev p 0.4730, dev r 0.4408, dev f1 0.4563
iter step 10150, train loss 0.1035, dev loss 1.0130, dev p 0.4946, dev r 0.4229, dev f1 0.4560
iter step 10200, train loss 0.1029, dev loss 0.9377, dev p 0.4734, dev r 0.4514, dev f1 0.4621
iter step 10250, train loss 0.1115, dev loss 0.9689, dev p 0.4638, dev r 0.4496, dev f1 0.4566
iter step 10300, train loss 0.1188, dev loss 0.8770, dev p 0.4863, dev r 0.4132, dev f1 0.4468
iter step 10350, train loss 0.1233, dev loss 1.0159, dev p 0.4786, dev r 0.4364, dev f1 0.4566
iter step 10400, train loss 0.1184, dev loss 1.0015, dev p 0.4482, dev r 0.4529, dev f1 0.4506
iter step 10450, train loss 0.1111, dev loss 0.9399, dev p 0.4893, dev r 0.4216, dev f1 0.4530
iter step 10500, train loss 0.1164, dev loss 0.9498, dev p 0.4859, dev r 0.4244, dev f1 0.4531
iter step 10550, train loss 0.1266, dev loss 0.8436, dev p 0.4854, dev r 0.4346, dev f1 0.4586
iter step 10600, train loss 0.1241, dev loss 0.9252, dev p 0.5127, dev r 0.4059, dev f1 0.4531
iter step 10650, train loss 0.1122, dev loss 0.9210, dev p 0.4437, dev r 0.4451, dev f1 0.4444
iter step 10700, train loss 0.1151, dev loss 0.9440, dev p 0.4753, dev r 0.4259, dev f1 0.4493
iter step 10750, train loss 0.1187, dev loss 0.9437, dev p 0.4824, dev r 0.4334, dev f1 0.4566
iter step 10800, train loss 0.1157, dev loss 0.9348, dev p 0.4845, dev r 0.4224, dev f1 0.4513
iter step 10850, train loss 0.1174, dev loss 0.9333, dev p 0.4993, dev r 0.4250, dev f1 0.4592
iter step 10900, train loss 0.1229, dev loss 0.8817, dev p 0.5031, dev r 0.4201, dev f1 0.4579
iter step 10950, train loss 0.1279, dev loss 0.8852, dev p 0.4745, dev r 0.4439, dev f1 0.4587
>>>>>>>>>>>>>>>>>>>>>>>>>>>>>>>epoch 10>>>>>>>>>>>>>>>>>>>>>>>>>>>>>>>
iter step 11000, train loss 0.1181, dev loss 0.9107, dev p 0.4972, dev r 0.4169, dev f1 0.4535
iter step 11050, train loss 0.0998, dev loss 1.0384, dev p 0.4619, dev r 0.4593, dev f1 0.4606
iter step 11100, train loss 0.0925, dev loss 0.9951, dev p 0.4741, dev r 0.4385, dev f1 0.4556
iter step 11150, train loss 0.0927, dev loss 1.0416, dev p 0.4544, dev r 0.4524, dev f1 0.4534
iter step 11200, train loss 0.0938, dev loss 0.9964, dev p 0.4831, dev r 0.4370, dev f1 0.4589
iter step 11250, train loss 0.1002, dev loss 0.9736, dev p 0.4731, dev r 0.4376, dev f1 0.4547
iter step 11300, train loss 0.1065, dev loss 0.9369, dev p 0.4756, dev r 0.4473, dev f1 0.4610
iter step 11350, train loss 0.0973, dev loss 1.0070, dev p 0.4617, dev r 0.4321, dev f1 0.4464
iter step 11400, train loss 0.0894, dev loss 1.0241, dev p 0.4627, dev r 0.4668, dev f1 0.4648
iter step 11450, train loss 0.1015, dev loss 0.9807, dev p 0.4784, dev r 0.4503, dev f1 0.4639
iter step 11500, train loss 0.1087, dev loss 0.9915, dev p 0.4737, dev r 0.4265, dev f1 0.4488
iter step 11550, train loss 0.1074, dev loss 1.0295, dev p 0.4637, dev r 0.4314, dev f1 0.4470
iter step 11600, train loss 0.1056, dev loss 0.9903, dev p 0.4943, dev r 0.4198, dev f1 0.4540
iter step 11650, train loss 0.0947, dev loss 1.0600, dev p 0.4593, dev r 0.4501, dev f1 0.4547
iter step 11700, train loss 0.0956, dev loss 0.9696, dev p 0.4843, dev r 0.4216, dev f1 0.4508
iter step 11750, train loss 0.0997, dev loss 0.9588, dev p 0.4530, dev r 0.4359, dev f1 0.4442
iter step 11800, train loss 0.0987, dev loss 0.9581, dev p 0.4859, dev r 0.4181, dev f1 0.4495
iter step 11850, train loss 0.0969, dev loss 1.0621, dev p 0.4764, dev r 0.4269, dev f1 0.4503
iter step 11900, train loss 0.0936, dev loss 0.9543, dev p 0.4931, dev r 0.4274, dev f1 0.4579
iter step 11950, train loss 0.1005, dev loss 1.0283, dev p 0.4834, dev r 0.4297, dev f1 0.4550
iter step 12000, train loss 0.1059, dev loss 1.0283, dev p 0.4765, dev r 0.4509, dev f1 0.4633
iter step 12050, train loss 0.1045, dev loss 1.0088, dev p 0.4812, dev r 0.4394, dev f1 0.4594
iter step 12100, train loss 0.0971, dev loss 1.0775, dev p 0.4685, dev r 0.4550, dev f1 0.4617
iter step 12150, train loss 0.0996, dev loss 0.9004, dev p 0.5173, dev r 0.4166, dev f1 0.4615
>>>>>>>>>>>>>>>>>>>>>>>>>>>>>>>epoch 11>>>>>>>>>>>>>>>>>>>>>>>>>>>>>>>
iter step 12200, train loss 0.1034, dev loss 1.0508, dev p 0.4683, dev r 0.4631, dev f1 0.4657
iter step 12250, train loss 0.0919, dev loss 1.0237, dev p 0.4868, dev r 0.4280, dev f1 0.4555
iter step 12300, train loss 0.0847, dev loss 0.9863, dev p 0.4731, dev r 0.4454, dev f1 0.4589
iter step 12350, train loss 0.0777, dev loss 1.1444, dev p 0.4477, dev r 0.4571, dev f1 0.4523
iter step 12400, train loss 0.0702, dev loss 1.1291, dev p 0.4804, dev r 0.4378, dev f1 0.4581
iter step 12450, train loss 0.0738, dev loss 1.1689, dev p 0.4615, dev r 0.4539, dev f1 0.4577
iter step 12500, train loss 0.0828, dev loss 1.0540, dev p 0.4621, dev r 0.4316, dev f1 0.4463
iter step 12550, train loss 0.0839, dev loss 1.0686, dev p 0.4675, dev r 0.4282, dev f1 0.4470
iter step 12600, train loss 0.0806, dev loss 1.1573, dev p 0.4457, dev r 0.4597, dev f1 0.4526
iter step 12650, train loss 0.0796, dev loss 1.1411, dev p 0.4572, dev r 0.4394, dev f1 0.4481
iter step 12700, train loss 0.0862, dev loss 0.9689, dev p 0.4642, dev r 0.4381, dev f1 0.4508
iter step 12750, train loss 0.0897, dev loss 1.0776, dev p 0.4731, dev r 0.4291, dev f1 0.4501
iter step 12800, train loss 0.0824, dev loss 1.1800, dev p 0.4674, dev r 0.4479, dev f1 0.4574
iter step 12850, train loss 0.0783, dev loss 1.1264, dev p 0.4758, dev r 0.4284, dev f1 0.4509
iter step 12900, train loss 0.0833, dev loss 1.1032, dev p 0.4682, dev r 0.4323, dev f1 0.4496
iter step 12950, train loss 0.0902, dev loss 1.0544, dev p 0.4851, dev r 0.4145, dev f1 0.4470
iter step 13000, train loss 0.0937, dev loss 1.0110, dev p 0.4534, dev r 0.4415, dev f1 0.4474
iter step 13050, train loss 0.0905, dev loss 1.0496, dev p 0.4765, dev r 0.4265, dev f1 0.4501
iter step 13100, train loss 0.0851, dev loss 1.0438, dev p 0.4897, dev r 0.4222, dev f1 0.4534
iter step 13150, train loss 0.0843, dev loss 1.0408, dev p 0.5007, dev r 0.4171, dev f1 0.4551
iter step 13200, train loss 0.0842, dev loss 1.0806, dev p 0.4555, dev r 0.4340, dev f1 0.4445
iter step 13250, train loss 0.0837, dev loss 1.0799, dev p 0.4850, dev r 0.4184, dev f1 0.4493
iter step 13300, train loss 0.0893, dev loss 1.1332, dev p 0.4812, dev r 0.4214, dev f1 0.4493
iter step 13350, train loss 0.0924, dev loss 1.0801, dev p 0.4907, dev r 0.4154, dev f1 0.4499
>>>>>>>>>>>>>>>>>>>>>>>>>>>>>>>epoch 12>>>>>>>>>>>>>>>>>>>>>>>>>>>>>>>
iter step 13400, train loss 0.0866, dev loss 1.1180, dev p 0.4801, dev r 0.4445, dev f1 0.4616
iter step 13450, train loss 0.0764, dev loss 1.1896, dev p 0.4898, dev r 0.4394, dev f1 0.4632
iter step 13500, train loss 0.0682, dev loss 1.1455, dev p 0.4741, dev r 0.4267, dev f1 0.4491
iter step 13550, train loss 0.0670, dev loss 1.2064, dev p 0.4833, dev r 0.4306, dev f1 0.4554
iter step 13600, train loss 0.0706, dev loss 1.1877, dev p 0.4499, dev r 0.4558, dev f1 0.4528
iter step 13650, train loss 0.0709, dev loss 1.1889, dev p 0.4880, dev r 0.4241, dev f1 0.4538
iter step 13700, train loss 0.0699, dev loss 1.1454, dev p 0.4722, dev r 0.4340, dev f1 0.4523
iter step 13750, train loss 0.0737, dev loss 1.0990, dev p 0.4732, dev r 0.4376, dev f1 0.4547
iter step 13800, train loss 0.0735, dev loss 1.1488, dev p 0.4843, dev r 0.4378, dev f1 0.4599
iter step 13850, train loss 0.0728, dev loss 1.1204, dev p 0.4682, dev r 0.4522, dev f1 0.4600
iter step 13900, train loss 0.0714, dev loss 1.0986, dev p 0.4613, dev r 0.4368, dev f1 0.4487
iter step 13950, train loss 0.0683, dev loss 1.1488, dev p 0.4729, dev r 0.4303, dev f1 0.4506
iter step 14000, train loss 0.0679, dev loss 1.1557, dev p 0.4711, dev r 0.4308, dev f1 0.4501
iter step 14050, train loss 0.0699, dev loss 1.1673, dev p 0.4879, dev r 0.4239, dev f1 0.4536
iter step 14100, train loss 0.0691, dev loss 1.1768, dev p 0.4878, dev r 0.4417, dev f1 0.4636
iter step 14150, train loss 0.0698, dev loss 1.1315, dev p 0.4823, dev r 0.4494, dev f1 0.4653
iter step 14200, train loss 0.0801, dev loss 1.0383, dev p 0.4572, dev r 0.4732, dev f1 0.4651
iter step 14250, train loss 0.0846, dev loss 1.1043, dev p 0.4956, dev r 0.4261, dev f1 0.4583
iter step 14300, train loss 0.0731, dev loss 1.1752, dev p 0.4757, dev r 0.4634, dev f1 0.4695
iter step 14350, train loss 0.0643, dev loss 1.2028, dev p 0.4826, dev r 0.4316, dev f1 0.4557
iter step 14400, train loss 0.0685, dev loss 1.0691, dev p 0.4833, dev r 0.4348, dev f1 0.4578
iter step 14450, train loss 0.0759, dev loss 1.1069, dev p 0.4809, dev r 0.4484, dev f1 0.4641
iter step 14500, train loss 0.0728, dev loss 1.1557, dev p 0.4782, dev r 0.4374, dev f1 0.4569
iter step 14550, train loss 0.0700, dev loss 1.2011, dev p 0.4554, dev r 0.4610, dev f1 0.4582
iter step 14600, train loss 0.0780, dev loss 1.0096, dev p 0.4706, dev r 0.4351, dev f1 0.4522
>>>>>>>>>>>>>>>>>>>>>>>>>>>>>>>epoch 13>>>>>>>>>>>>>>>>>>>>>>>>>>>>>>>
iter step 14650, train loss 0.0756, dev loss 1.2177, dev p 0.4743, dev r 0.4366, dev f1 0.4547
iter step 14700, train loss 0.0621, dev loss 1.1738, dev p 0.4692, dev r 0.4473, dev f1 0.4580
iter step 14750, train loss 0.0570, dev loss 1.2217, dev p 0.4668, dev r 0.4456, dev f1 0.4560
iter step 14800, train loss 0.0599, dev loss 1.1365, dev p 0.4756, dev r 0.4368, dev f1 0.4554
iter step 14850, train loss 0.0608, dev loss 1.2189, dev p 0.4745, dev r 0.4413, dev f1 0.4573
iter step 14900, train loss 0.0593, dev loss 1.1825, dev p 0.4886, dev r 0.4327, dev f1 0.4589
iter step 14950, train loss 0.0590, dev loss 1.1921, dev p 0.4687, dev r 0.4488, dev f1 0.4585
iter step 15000, train loss 0.0595, dev loss 1.1701, dev p 0.4726, dev r 0.4539, dev f1 0.4630
iter step 15050, train loss 0.0608, dev loss 1.1497, dev p 0.4826, dev r 0.4325, dev f1 0.4562
iter step 15100, train loss 0.0581, dev loss 1.1976, dev p 0.4820, dev r 0.4479, dev f1 0.4643
iter step 15150, train loss 0.0586, dev loss 1.1870, dev p 0.4979, dev r 0.4259, dev f1 0.4591
iter step 15200, train loss 0.0637, dev loss 1.1470, dev p 0.4825, dev r 0.4434, dev f1 0.4621
iter step 15250, train loss 0.0631, dev loss 1.2084, dev p 0.4648, dev r 0.4454, dev f1 0.4549
iter step 15300, train loss 0.0626, dev loss 1.2268, dev p 0.4697, dev r 0.4363, dev f1 0.4524
iter step 15350, train loss 0.0606, dev loss 1.2243, dev p 0.4755, dev r 0.4346, dev f1 0.4541
iter step 15400, train loss 0.0585, dev loss 1.2009, dev p 0.4905, dev r 0.4244, dev f1 0.4551
iter step 15450, train loss 0.0592, dev loss 1.2158, dev p 0.4682, dev r 0.4554, dev f1 0.4617
iter step 15500, train loss 0.0571, dev loss 1.2054, dev p 0.4719, dev r 0.4473, dev f1 0.4593
iter step 15550, train loss 0.0560, dev loss 1.2483, dev p 0.4797, dev r 0.4280, dev f1 0.4524
iter step 15600, train loss 0.0625, dev loss 1.1394, dev p 0.4709, dev r 0.4363, dev f1 0.4529
iter step 15650, train loss 0.0610, dev loss 1.2429, dev p 0.4755, dev r 0.4531, dev f1 0.4640
iter step 15700, train loss 0.0550, dev loss 1.2387, dev p 0.4793, dev r 0.4391, dev f1 0.4583
iter step 15750, train loss 0.0595, dev loss 1.2273, dev p 0.4658, dev r 0.4574, dev f1 0.4616
iter step 15800, train loss 0.0557, dev loss 1.3309, dev p 0.4682, dev r 0.4477, dev f1 0.4577
>> early stop
