>> training arguments:
>> mode: train
>> suffix: google-bert-adapter
>> model_name: mug
>> pretrained_model_name_or_path: plms/bert-base-chinese
>> train_data_name: lasted
>> test_data_name: lasted
>> data_dir: datasets
>> output_dir: outputs/google_bert_adapter
>> cache_dir: caches
>> embed_learning_rate: 5e-05
>> embed_weight_decay: 0.0
>> learning_rate: 0.0005
>> weight_decay: 0.0
>> hidden_size: 768
>> sentiment_size: 4
>> tag_size: 3
>> batch_size: 12
>> max_length: 150
>> num_repeats: 1
>> num_train_epochs: 20
>> num_patience_epochs: 5
>> warmup_ratio: 0.1
>> max_grad_norm: 1.0
>> log_interval: 50
>> seed: 776
>> use_adapter: True
>> train_data_dir: datasets/lasted
>> test_data_dir: datasets/lasted
>> num_gpus: 1
>> device: cuda
>> model_class: <class 'models.mug.MuG'>
>> input_fields: ['text_indices', 'text_mask', 'target_indices', 'opinion_indices', 'sentiment_indices']
>> loading cached tokenizer from plms/bert-base-chinese
>> loading cached embedding from plms/bert-base-chinese
>> building data
*************************training on lasted**************************
###############################repeat 1###############################
>>>>>>>>>>>>>>>>>>>>>>>>>>>>>>>epoch 1>>>>>>>>>>>>>>>>>>>>>>>>>>>>>>>>
iter step 50, train loss 2.9303, dev loss 2.1369, dev p 0.0000, dev r 0.0000, dev f1 0.0000
iter step 100, train loss 2.3921, dev loss 1.5222, dev p 0.0000, dev r 0.0000, dev f1 0.0000
iter step 150, train loss 1.6229, dev loss 1.2476, dev p 0.0000, dev r 0.0000, dev f1 0.0000
iter step 200, train loss 1.2918, dev loss 1.0749, dev p 0.0000, dev r 0.0000, dev f1 0.0000
iter step 250, train loss 1.1064, dev loss 0.9380, dev p 0.0000, dev r 0.0000, dev f1 0.0000
iter step 300, train loss 0.9645, dev loss 0.8357, dev p 0.3546, dev r 0.0167, dev f1 0.0319
>> new best
iter step 350, train loss 0.8759, dev loss 0.7636, dev p 0.2641, dev r 0.0622, dev f1 0.1007
>> new best
iter step 400, train loss 0.8178, dev loss 0.7492, dev p 0.3861, dev r 0.0229, dev f1 0.0432
iter step 450, train loss 0.7661, dev loss 0.6928, dev p 0.3214, dev r 0.1142, dev f1 0.1685
>> new best
iter step 500, train loss 0.7128, dev loss 0.6768, dev p 0.3360, dev r 0.1558, dev f1 0.2129
>> new best
iter step 550, train loss 0.6812, dev loss 0.6681, dev p 0.3009, dev r 0.1800, dev f1 0.2252
>> new best
iter step 600, train loss 0.6726, dev loss 0.6457, dev p 0.3668, dev r 0.1755, dev f1 0.2374
>> new best
iter step 650, train loss 0.6596, dev loss 0.6571, dev p 0.3388, dev r 0.2008, dev f1 0.2521
>> new best
iter step 700, train loss 0.6688, dev loss 0.6422, dev p 0.2907, dev r 0.2619, dev f1 0.2755
>> new best
iter step 750, train loss 0.6660, dev loss 0.6475, dev p 0.3660, dev r 0.2238, dev f1 0.2778
>> new best
iter step 800, train loss 0.6392, dev loss 0.6348, dev p 0.3464, dev r 0.2437, dev f1 0.2861
>> new best
iter step 850, train loss 0.6304, dev loss 0.6307, dev p 0.3493, dev r 0.2658, dev f1 0.3019
>> new best
iter step 900, train loss 0.6369, dev loss 0.5991, dev p 0.4711, dev r 0.2242, dev f1 0.3038
>> new best
iter step 950, train loss 0.6440, dev loss 0.5998, dev p 0.4124, dev r 0.1976, dev f1 0.2672
iter step 1000, train loss 0.6282, dev loss 0.5947, dev p 0.3270, dev r 0.2936, dev f1 0.3094
>> new best
iter step 1050, train loss 0.6189, dev loss 0.5929, dev p 0.4867, dev r 0.2332, dev f1 0.3153
>> new best
iter step 1100, train loss 0.6291, dev loss 0.6087, dev p 0.4264, dev r 0.2820, dev f1 0.3395
>> new best
iter step 1150, train loss 0.6129, dev loss 0.5725, dev p 0.4803, dev r 0.2439, dev f1 0.3235
iter step 1200, train loss 0.6114, dev loss 0.5858, dev p 0.4102, dev r 0.3125, dev f1 0.3548
>> new best
iter step 1250, train loss 0.6152, dev loss 0.6047, dev p 0.5010, dev r 0.2257, dev f1 0.3112
iter step 1300, train loss 0.5992, dev loss 0.5905, dev p 0.3606, dev r 0.3631, dev f1 0.3619
>> new best
iter step 1350, train loss 0.6043, dev loss 0.5661, dev p 0.4914, dev r 0.2413, dev f1 0.3236
iter step 1400, train loss 0.6083, dev loss 0.5642, dev p 0.5138, dev r 0.2484, dev f1 0.3349
iter step 1450, train loss 0.6048, dev loss 0.5574, dev p 0.4901, dev r 0.3245, dev f1 0.3905
>> new best
iter step 1500, train loss 0.5853, dev loss 0.5708, dev p 0.5054, dev r 0.2972, dev f1 0.3743
iter step 1550, train loss 0.5802, dev loss 0.5670, dev p 0.4370, dev r 0.3669, dev f1 0.3989
>> new best
iter step 1600, train loss 0.5708, dev loss 0.5628, dev p 0.4308, dev r 0.3538, dev f1 0.3885
>>>>>>>>>>>>>>>>>>>>>>>>>>>>>>>epoch 2>>>>>>>>>>>>>>>>>>>>>>>>>>>>>>>>
iter step 1650, train loss 0.5479, dev loss 0.6006, dev p 0.4388, dev r 0.3196, dev f1 0.3698
iter step 1700, train loss 0.5438, dev loss 0.5643, dev p 0.5221, dev r 0.2677, dev f1 0.3539
iter step 1750, train loss 0.5379, dev loss 0.5796, dev p 0.4801, dev r 0.2627, dev f1 0.3395
iter step 1800, train loss 0.5416, dev loss 0.5576, dev p 0.4989, dev r 0.2913, dev f1 0.3678
iter step 1850, train loss 0.5525, dev loss 0.5526, dev p 0.4791, dev r 0.3607, dev f1 0.4115
>> new best
iter step 1900, train loss 0.5501, dev loss 0.5592, dev p 0.4081, dev r 0.3815, dev f1 0.3944
iter step 1950, train loss 0.5341, dev loss 0.5990, dev p 0.4533, dev r 0.3547, dev f1 0.3980
iter step 2000, train loss 0.5282, dev loss 0.5622, dev p 0.4586, dev r 0.3750, dev f1 0.4126
>> new best
iter step 2050, train loss 0.5378, dev loss 0.6168, dev p 0.4043, dev r 0.4168, dev f1 0.4104
iter step 2100, train loss 0.5323, dev loss 0.5783, dev p 0.4302, dev r 0.3510, dev f1 0.3866
iter step 2150, train loss 0.5348, dev loss 0.5637, dev p 0.4472, dev r 0.3761, dev f1 0.4085
iter step 2200, train loss 0.5317, dev loss 0.5762, dev p 0.4328, dev r 0.3811, dev f1 0.4053
iter step 2250, train loss 0.5194, dev loss 0.5617, dev p 0.4530, dev r 0.3303, dev f1 0.3820
iter step 2300, train loss 0.5262, dev loss 0.5646, dev p 0.4398, dev r 0.3706, dev f1 0.4023
iter step 2350, train loss 0.5327, dev loss 0.5686, dev p 0.4114, dev r 0.4104, dev f1 0.4109
iter step 2400, train loss 0.5240, dev loss 0.5624, dev p 0.4599, dev r 0.3851, dev f1 0.4192
>> new best
iter step 2450, train loss 0.5402, dev loss 0.5608, dev p 0.5128, dev r 0.2769, dev f1 0.3596
iter step 2500, train loss 0.5485, dev loss 0.5509, dev p 0.5054, dev r 0.3273, dev f1 0.3973
iter step 2550, train loss 0.5318, dev loss 0.5648, dev p 0.4812, dev r 0.3789, dev f1 0.4240
>> new best
iter step 2600, train loss 0.5368, dev loss 0.5939, dev p 0.3991, dev r 0.3791, dev f1 0.3888
iter step 2650, train loss 0.5399, dev loss 0.5654, dev p 0.4422, dev r 0.4078, dev f1 0.4243
>> new best
iter step 2700, train loss 0.5336, dev loss 0.5531, dev p 0.4840, dev r 0.3283, dev f1 0.3912
iter step 2750, train loss 0.5286, dev loss 0.5613, dev p 0.5196, dev r 0.2632, dev f1 0.3494
iter step 2800, train loss 0.5447, dev loss 0.5533, dev p 0.5410, dev r 0.3076, dev f1 0.3923
iter step 2850, train loss 0.5554, dev loss 0.5524, dev p 0.5086, dev r 0.3705, dev f1 0.4287
>> new best
iter step 2900, train loss 0.5575, dev loss 0.5609, dev p 0.4114, dev r 0.4154, dev f1 0.4134
iter step 2950, train loss 0.5433, dev loss 0.5331, dev p 0.5173, dev r 0.3283, dev f1 0.4016
iter step 3000, train loss 0.5288, dev loss 0.5442, dev p 0.4908, dev r 0.3500, dev f1 0.4086
iter step 3050, train loss 0.5489, dev loss 0.5441, dev p 0.5694, dev r 0.3007, dev f1 0.3936
iter step 3100, train loss 0.5518, dev loss 0.5433, dev p 0.5470, dev r 0.3046, dev f1 0.3913
iter step 3150, train loss 0.5495, dev loss 0.5711, dev p 0.5392, dev r 0.3225, dev f1 0.4036
iter step 3200, train loss 0.5400, dev loss 0.5476, dev p 0.4804, dev r 0.3800, dev f1 0.4244
>>>>>>>>>>>>>>>>>>>>>>>>>>>>>>>epoch 3>>>>>>>>>>>>>>>>>>>>>>>>>>>>>>>>
iter step 3250, train loss 0.5237, dev loss 0.5735, dev p 0.4519, dev r 0.3958, dev f1 0.4220
iter step 3300, train loss 0.4959, dev loss 0.5686, dev p 0.4323, dev r 0.3939, dev f1 0.4122
iter step 3350, train loss 0.4437, dev loss 0.5818, dev p 0.4641, dev r 0.3971, dev f1 0.4280
iter step 3400, train loss 0.4409, dev loss 0.5583, dev p 0.5083, dev r 0.3735, dev f1 0.4306
>> new best
iter step 3450, train loss 0.4551, dev loss 0.5682, dev p 0.4905, dev r 0.3990, dev f1 0.4400
>> new best
iter step 3500, train loss 0.4511, dev loss 0.5686, dev p 0.4898, dev r 0.3978, dev f1 0.4391
iter step 3550, train loss 0.4580, dev loss 0.5678, dev p 0.4509, dev r 0.4198, dev f1 0.4348
iter step 3600, train loss 0.4662, dev loss 0.5619, dev p 0.5060, dev r 0.3581, dev f1 0.4194
iter step 3650, train loss 0.4503, dev loss 0.5962, dev p 0.4210, dev r 0.4166, dev f1 0.4188
iter step 3700, train loss 0.4436, dev loss 0.5645, dev p 0.4921, dev r 0.3986, dev f1 0.4404
>> new best
iter step 3750, train loss 0.4570, dev loss 0.5540, dev p 0.5138, dev r 0.3793, dev f1 0.4364
iter step 3800, train loss 0.4556, dev loss 0.5710, dev p 0.4962, dev r 0.3551, dev f1 0.4139
iter step 3850, train loss 0.4534, dev loss 0.5580, dev p 0.5465, dev r 0.3448, dev f1 0.4228
iter step 3900, train loss 0.4548, dev loss 0.5609, dev p 0.4944, dev r 0.3781, dev f1 0.4285
iter step 3950, train loss 0.4564, dev loss 0.5497, dev p 0.5860, dev r 0.2912, dev f1 0.3890
iter step 4000, train loss 0.4540, dev loss 0.5795, dev p 0.4552, dev r 0.4156, dev f1 0.4345
iter step 4050, train loss 0.4543, dev loss 0.5610, dev p 0.5294, dev r 0.3697, dev f1 0.4354
iter step 4100, train loss 0.4586, dev loss 0.5624, dev p 0.5266, dev r 0.3802, dev f1 0.4416
>> new best
iter step 4150, train loss 0.4493, dev loss 0.5566, dev p 0.5186, dev r 0.3444, dev f1 0.4139
iter step 4200, train loss 0.4555, dev loss 0.5776, dev p 0.4309, dev r 0.3840, dev f1 0.4061
iter step 4250, train loss 0.4782, dev loss 0.5645, dev p 0.4663, dev r 0.4175, dev f1 0.4405
iter step 4300, train loss 0.4864, dev loss 0.5554, dev p 0.4632, dev r 0.4117, dev f1 0.4359
iter step 4350, train loss 0.4709, dev loss 0.5670, dev p 0.4738, dev r 0.3843, dev f1 0.4244
iter step 4400, train loss 0.4608, dev loss 0.5566, dev p 0.5230, dev r 0.3706, dev f1 0.4338
iter step 4450, train loss 0.4699, dev loss 0.5606, dev p 0.4725, dev r 0.3907, dev f1 0.4277
iter step 4500, train loss 0.4733, dev loss 0.5509, dev p 0.4973, dev r 0.3843, dev f1 0.4336
iter step 4550, train loss 0.4570, dev loss 0.5741, dev p 0.4667, dev r 0.3999, dev f1 0.4307
iter step 4600, train loss 0.4622, dev loss 0.5669, dev p 0.4878, dev r 0.3774, dev f1 0.4255
iter step 4650, train loss 0.4768, dev loss 0.5932, dev p 0.5044, dev r 0.3549, dev f1 0.4166
iter step 4700, train loss 0.4603, dev loss 0.5803, dev p 0.4924, dev r 0.4008, dev f1 0.4419
>> new best
iter step 4750, train loss 0.4768, dev loss 0.5441, dev p 0.5224, dev r 0.3781, dev f1 0.4387
iter step 4800, train loss 0.4837, dev loss 0.5676, dev p 0.5222, dev r 0.3633, dev f1 0.4285
iter step 4850, train loss 0.4658, dev loss 0.5609, dev p 0.5534, dev r 0.3592, dev f1 0.4356
>>>>>>>>>>>>>>>>>>>>>>>>>>>>>>>epoch 4>>>>>>>>>>>>>>>>>>>>>>>>>>>>>>>>
iter step 4900, train loss 0.4456, dev loss 0.5817, dev p 0.4926, dev r 0.3871, dev f1 0.4335
iter step 4950, train loss 0.3831, dev loss 0.5778, dev p 0.4550, dev r 0.3920, dev f1 0.4211
iter step 5000, train loss 0.3450, dev loss 0.6109, dev p 0.4359, dev r 0.4434, dev f1 0.4396
iter step 5050, train loss 0.3449, dev loss 0.5823, dev p 0.5088, dev r 0.3793, dev f1 0.4346
iter step 5100, train loss 0.3385, dev loss 0.6215, dev p 0.4870, dev r 0.4224, dev f1 0.4524
>> new best
iter step 5150, train loss 0.3463, dev loss 0.5726, dev p 0.5418, dev r 0.3789, dev f1 0.4459
iter step 5200, train loss 0.3606, dev loss 0.6686, dev p 0.4871, dev r 0.4072, dev f1 0.4436
iter step 5250, train loss 0.3608, dev loss 0.5978, dev p 0.4855, dev r 0.4213, dev f1 0.4511
iter step 5300, train loss 0.3676, dev loss 0.6080, dev p 0.5099, dev r 0.3461, dev f1 0.4123
iter step 5350, train loss 0.3774, dev loss 0.6240, dev p 0.4755, dev r 0.4196, dev f1 0.4458
iter step 5400, train loss 0.3757, dev loss 0.6471, dev p 0.4394, dev r 0.4010, dev f1 0.4193
iter step 5450, train loss 0.3797, dev loss 0.6329, dev p 0.5304, dev r 0.3421, dev f1 0.4159
iter step 5500, train loss 0.3719, dev loss 0.6526, dev p 0.5292, dev r 0.3706, dev f1 0.4359
iter step 5550, train loss 0.3603, dev loss 0.6398, dev p 0.4870, dev r 0.4108, dev f1 0.4456
iter step 5600, train loss 0.3610, dev loss 0.6120, dev p 0.4753, dev r 0.4059, dev f1 0.4379
iter step 5650, train loss 0.3649, dev loss 0.6081, dev p 0.4879, dev r 0.3750, dev f1 0.4240
iter step 5700, train loss 0.3667, dev loss 0.5857, dev p 0.5262, dev r 0.3841, dev f1 0.4441
iter step 5750, train loss 0.3607, dev loss 0.5851, dev p 0.4490, dev r 0.4265, dev f1 0.4375
iter step 5800, train loss 0.3716, dev loss 0.5921, dev p 0.4856, dev r 0.4273, dev f1 0.4546
>> new best
iter step 5850, train loss 0.3807, dev loss 0.6238, dev p 0.5016, dev r 0.3993, dev f1 0.4447
iter step 5900, train loss 0.3823, dev loss 0.5829, dev p 0.5123, dev r 0.3701, dev f1 0.4297
iter step 5950, train loss 0.3733, dev loss 0.5865, dev p 0.4977, dev r 0.4222, dev f1 0.4568
>> new best
iter step 6000, train loss 0.3649, dev loss 0.5789, dev p 0.4629, dev r 0.3849, dev f1 0.4203
iter step 6050, train loss 0.3819, dev loss 0.5800, dev p 0.5031, dev r 0.4091, dev f1 0.4512
iter step 6100, train loss 0.3796, dev loss 0.5739, dev p 0.5199, dev r 0.4048, dev f1 0.4551
iter step 6150, train loss 0.3719, dev loss 0.6159, dev p 0.4984, dev r 0.4049, dev f1 0.4468
iter step 6200, train loss 0.3766, dev loss 0.6205, dev p 0.4653, dev r 0.4280, dev f1 0.4458
iter step 6250, train loss 0.3868, dev loss 0.5952, dev p 0.4676, dev r 0.4246, dev f1 0.4451
iter step 6300, train loss 0.3860, dev loss 0.6114, dev p 0.4949, dev r 0.4334, dev f1 0.4621
>> new best
iter step 6350, train loss 0.3723, dev loss 0.6744, dev p 0.5236, dev r 0.4021, dev f1 0.4549
iter step 6400, train loss 0.3632, dev loss 0.5975, dev p 0.4636, dev r 0.4411, dev f1 0.4521
iter step 6450, train loss 0.3701, dev loss 0.5973, dev p 0.4999, dev r 0.4441, dev f1 0.4704
>> new best
>>>>>>>>>>>>>>>>>>>>>>>>>>>>>>>epoch 5>>>>>>>>>>>>>>>>>>>>>>>>>>>>>>>>
iter step 6500, train loss 0.3800, dev loss 0.6169, dev p 0.4658, dev r 0.4398, dev f1 0.4525
iter step 6550, train loss 0.3406, dev loss 0.6547, dev p 0.4722, dev r 0.4136, dev f1 0.4409
iter step 6600, train loss 0.2887, dev loss 0.6728, dev p 0.5012, dev r 0.4325, dev f1 0.4643
iter step 6650, train loss 0.2745, dev loss 0.6655, dev p 0.4852, dev r 0.4372, dev f1 0.4600
iter step 6700, train loss 0.2786, dev loss 0.6597, dev p 0.4788, dev r 0.4286, dev f1 0.4523
iter step 6750, train loss 0.2765, dev loss 0.6528, dev p 0.4694, dev r 0.4261, dev f1 0.4467
iter step 6800, train loss 0.2596, dev loss 0.6840, dev p 0.4868, dev r 0.4188, dev f1 0.4503
iter step 6850, train loss 0.2511, dev loss 0.6863, dev p 0.5118, dev r 0.3860, dev f1 0.4401
iter step 6900, train loss 0.2652, dev loss 0.6938, dev p 0.4877, dev r 0.4244, dev f1 0.4539
iter step 6950, train loss 0.2840, dev loss 0.6500, dev p 0.4963, dev r 0.3870, dev f1 0.4348
iter step 7000, train loss 0.2926, dev loss 0.6486, dev p 0.5141, dev r 0.4003, dev f1 0.4501
iter step 7050, train loss 0.2925, dev loss 0.7064, dev p 0.4916, dev r 0.4267, dev f1 0.4568
iter step 7100, train loss 0.2878, dev loss 0.6596, dev p 0.4474, dev r 0.4438, dev f1 0.4455
iter step 7150, train loss 0.2839, dev loss 0.6829, dev p 0.4879, dev r 0.4149, dev f1 0.4484
iter step 7200, train loss 0.2863, dev loss 0.6047, dev p 0.4851, dev r 0.4134, dev f1 0.4464
iter step 7250, train loss 0.2927, dev loss 0.6347, dev p 0.5392, dev r 0.3703, dev f1 0.4390
iter step 7300, train loss 0.2973, dev loss 0.6310, dev p 0.4880, dev r 0.4484, dev f1 0.4674
iter step 7350, train loss 0.2844, dev loss 0.6325, dev p 0.4891, dev r 0.4454, dev f1 0.4662
iter step 7400, train loss 0.2972, dev loss 0.6643, dev p 0.4865, dev r 0.4310, dev f1 0.4571
iter step 7450, train loss 0.3095, dev loss 0.6817, dev p 0.5021, dev r 0.4263, dev f1 0.4611
iter step 7500, train loss 0.2879, dev loss 0.6470, dev p 0.4629, dev r 0.4479, dev f1 0.4553
iter step 7550, train loss 0.2863, dev loss 0.6655, dev p 0.4487, dev r 0.4490, dev f1 0.4488
iter step 7600, train loss 0.3049, dev loss 0.6403, dev p 0.4842, dev r 0.4288, dev f1 0.4548
iter step 7650, train loss 0.3139, dev loss 0.6641, dev p 0.5081, dev r 0.4139, dev f1 0.4562
iter step 7700, train loss 0.2991, dev loss 0.6840, dev p 0.4776, dev r 0.4205, dev f1 0.4473
iter step 7750, train loss 0.3034, dev loss 0.6609, dev p 0.4791, dev r 0.4357, dev f1 0.4564
iter step 7800, train loss 0.3113, dev loss 0.5930, dev p 0.4920, dev r 0.4104, dev f1 0.4475
iter step 7850, train loss 0.2978, dev loss 0.6179, dev p 0.4888, dev r 0.4492, dev f1 0.4681
iter step 7900, train loss 0.3011, dev loss 0.6518, dev p 0.5025, dev r 0.4171, dev f1 0.4558
iter step 7950, train loss 0.3117, dev loss 0.6658, dev p 0.4781, dev r 0.4514, dev f1 0.4644
iter step 8000, train loss 0.2941, dev loss 0.6711, dev p 0.5089, dev r 0.4123, dev f1 0.4555
iter step 8050, train loss 0.2922, dev loss 0.6662, dev p 0.4714, dev r 0.4449, dev f1 0.4577
iter step 8100, train loss 0.2964, dev loss 0.6365, dev p 0.4863, dev r 0.4499, dev f1 0.4674
>>>>>>>>>>>>>>>>>>>>>>>>>>>>>>>epoch 6>>>>>>>>>>>>>>>>>>>>>>>>>>>>>>>>
iter step 8150, train loss 0.2625, dev loss 0.7975, dev p 0.4920, dev r 0.4432, dev f1 0.4663
iter step 8200, train loss 0.2359, dev loss 0.6990, dev p 0.5369, dev r 0.4149, dev f1 0.4681
iter step 8250, train loss 0.2185, dev loss 0.7503, dev p 0.5361, dev r 0.3879, dev f1 0.4501
iter step 8300, train loss 0.2152, dev loss 0.7062, dev p 0.4594, dev r 0.4284, dev f1 0.4433
iter step 8350, train loss 0.2127, dev loss 0.7382, dev p 0.4951, dev r 0.4531, dev f1 0.4732
>> new best
iter step 8400, train loss 0.2116, dev loss 0.7066, dev p 0.5231, dev r 0.4209, dev f1 0.4664
iter step 8450, train loss 0.2228, dev loss 0.7289, dev p 0.4955, dev r 0.4288, dev f1 0.4597
iter step 8500, train loss 0.2298, dev loss 0.7863, dev p 0.4599, dev r 0.4486, dev f1 0.4542
iter step 8550, train loss 0.2366, dev loss 0.7098, dev p 0.4784, dev r 0.4276, dev f1 0.4516
iter step 8600, train loss 0.2289, dev loss 0.6801, dev p 0.4853, dev r 0.4198, dev f1 0.4501
iter step 8650, train loss 0.2251, dev loss 0.7338, dev p 0.4633, dev r 0.4498, dev f1 0.4564
iter step 8700, train loss 0.2318, dev loss 0.7027, dev p 0.4548, dev r 0.4426, dev f1 0.4486
iter step 8750, train loss 0.2370, dev loss 0.7170, dev p 0.4978, dev r 0.4389, dev f1 0.4665
iter step 8800, train loss 0.2362, dev loss 0.7322, dev p 0.4770, dev r 0.4338, dev f1 0.4544
iter step 8850, train loss 0.2121, dev loss 0.8552, dev p 0.4697, dev r 0.4359, dev f1 0.4522
iter step 8900, train loss 0.2287, dev loss 0.7340, dev p 0.4760, dev r 0.4398, dev f1 0.4572
iter step 8950, train loss 0.2517, dev loss 0.6885, dev p 0.4867, dev r 0.4319, dev f1 0.4577
iter step 9000, train loss 0.2271, dev loss 0.7775, dev p 0.5076, dev r 0.4029, dev f1 0.4492
iter step 9050, train loss 0.2333, dev loss 0.7609, dev p 0.4502, dev r 0.4291, dev f1 0.4394
iter step 9100, train loss 0.2645, dev loss 0.6837, dev p 0.4995, dev r 0.4147, dev f1 0.4532
iter step 9150, train loss 0.2571, dev loss 0.6945, dev p 0.4827, dev r 0.4304, dev f1 0.4551
iter step 9200, train loss 0.2377, dev loss 0.6493, dev p 0.5081, dev r 0.4111, dev f1 0.4545
iter step 9250, train loss 0.2434, dev loss 0.7574, dev p 0.5536, dev r 0.3740, dev f1 0.4464
iter step 9300, train loss 0.2363, dev loss 0.7518, dev p 0.4789, dev r 0.4329, dev f1 0.4547
iter step 9350, train loss 0.2326, dev loss 0.7393, dev p 0.4900, dev r 0.4136, dev f1 0.4486
iter step 9400, train loss 0.2432, dev loss 0.7202, dev p 0.5005, dev r 0.4117, dev f1 0.4518
iter step 9450, train loss 0.2492, dev loss 0.7374, dev p 0.4749, dev r 0.4434, dev f1 0.4586
iter step 9500, train loss 0.2446, dev loss 0.8035, dev p 0.4768, dev r 0.4516, dev f1 0.4639
iter step 9550, train loss 0.2430, dev loss 0.7354, dev p 0.4878, dev r 0.4374, dev f1 0.4612
iter step 9600, train loss 0.2566, dev loss 0.7154, dev p 0.4178, dev r 0.4653, dev f1 0.4403
iter step 9650, train loss 0.2589, dev loss 0.6849, dev p 0.4879, dev r 0.4286, dev f1 0.4563
iter step 9700, train loss 0.2474, dev loss 0.6994, dev p 0.4945, dev r 0.4166, dev f1 0.4522
>>>>>>>>>>>>>>>>>>>>>>>>>>>>>>>epoch 7>>>>>>>>>>>>>>>>>>>>>>>>>>>>>>>>
iter step 9750, train loss 0.2390, dev loss 0.6823, dev p 0.5120, dev r 0.4231, dev f1 0.4633
iter step 9800, train loss 0.2108, dev loss 0.7348, dev p 0.4884, dev r 0.4276, dev f1 0.4560
iter step 9850, train loss 0.1912, dev loss 0.7735, dev p 0.4628, dev r 0.4573, dev f1 0.4600
iter step 9900, train loss 0.1992, dev loss 0.6942, dev p 0.5022, dev r 0.4194, dev f1 0.4571
iter step 9950, train loss 0.1886, dev loss 0.7847, dev p 0.4860, dev r 0.4499, dev f1 0.4673
iter step 10000, train loss 0.1760, dev loss 0.7932, dev p 0.4744, dev r 0.4490, dev f1 0.4614
iter step 10050, train loss 0.1768, dev loss 0.7840, dev p 0.4972, dev r 0.4276, dev f1 0.4598
iter step 10100, train loss 0.1809, dev loss 0.7728, dev p 0.4892, dev r 0.4524, dev f1 0.4700
iter step 10150, train loss 0.1887, dev loss 0.7739, dev p 0.4940, dev r 0.4423, dev f1 0.4667
iter step 10200, train loss 0.1942, dev loss 0.7554, dev p 0.4770, dev r 0.4471, dev f1 0.4616
iter step 10250, train loss 0.1853, dev loss 0.7688, dev p 0.4930, dev r 0.4314, dev f1 0.4601
iter step 10300, train loss 0.1786, dev loss 0.8683, dev p 0.4729, dev r 0.4503, dev f1 0.4613
iter step 10350, train loss 0.1848, dev loss 0.7679, dev p 0.5083, dev r 0.4156, dev f1 0.4573
iter step 10400, train loss 0.1940, dev loss 0.8226, dev p 0.4693, dev r 0.4535, dev f1 0.4612
iter step 10450, train loss 0.1928, dev loss 0.7733, dev p 0.4707, dev r 0.4323, dev f1 0.4507
iter step 10500, train loss 0.1842, dev loss 0.7508, dev p 0.4708, dev r 0.4396, dev f1 0.4547
iter step 10550, train loss 0.1825, dev loss 0.7697, dev p 0.4450, dev r 0.4481, dev f1 0.4465
iter step 10600, train loss 0.1837, dev loss 0.7635, dev p 0.4865, dev r 0.4338, dev f1 0.4587
iter step 10650, train loss 0.1927, dev loss 0.7515, dev p 0.4739, dev r 0.4601, dev f1 0.4669
iter step 10700, train loss 0.1867, dev loss 0.8204, dev p 0.4751, dev r 0.4582, dev f1 0.4665
iter step 10750, train loss 0.1876, dev loss 0.8096, dev p 0.4919, dev r 0.4400, dev f1 0.4645
iter step 10800, train loss 0.1963, dev loss 0.8265, dev p 0.4912, dev r 0.4413, dev f1 0.4649
iter step 10850, train loss 0.1891, dev loss 0.7795, dev p 0.4858, dev r 0.4321, dev f1 0.4574
iter step 10900, train loss 0.1942, dev loss 0.7404, dev p 0.4781, dev r 0.4509, dev f1 0.4641
iter step 10950, train loss 0.1946, dev loss 0.7695, dev p 0.4902, dev r 0.4417, dev f1 0.4647
iter step 11000, train loss 0.1875, dev loss 0.7854, dev p 0.4804, dev r 0.4143, dev f1 0.4449
iter step 11050, train loss 0.1843, dev loss 0.8458, dev p 0.4729, dev r 0.4398, dev f1 0.4558
iter step 11100, train loss 0.1977, dev loss 0.7883, dev p 0.4978, dev r 0.4059, dev f1 0.4472
iter step 11150, train loss 0.2064, dev loss 0.8027, dev p 0.4635, dev r 0.4374, dev f1 0.4501
iter step 11200, train loss 0.2037, dev loss 0.8810, dev p 0.4731, dev r 0.4434, dev f1 0.4578
iter step 11250, train loss 0.1987, dev loss 0.7225, dev p 0.4766, dev r 0.4524, dev f1 0.4642
iter step 11300, train loss 0.1872, dev loss 0.7960, dev p 0.4847, dev r 0.4327, dev f1 0.4572
iter step 11350, train loss 0.1876, dev loss 0.7723, dev p 0.4407, dev r 0.4685, dev f1 0.4542
>>>>>>>>>>>>>>>>>>>>>>>>>>>>>>>epoch 8>>>>>>>>>>>>>>>>>>>>>>>>>>>>>>>>
iter step 11400, train loss 0.1792, dev loss 0.8668, dev p 0.4638, dev r 0.4516, dev f1 0.4576
iter step 11450, train loss 0.1606, dev loss 0.8233, dev p 0.4877, dev r 0.4582, dev f1 0.4725
iter step 11500, train loss 0.1448, dev loss 0.8249, dev p 0.4664, dev r 0.4681, dev f1 0.4672
iter step 11550, train loss 0.1401, dev loss 0.8336, dev p 0.4747, dev r 0.4574, dev f1 0.4659
iter step 11600, train loss 0.1490, dev loss 0.8634, dev p 0.4666, dev r 0.4439, dev f1 0.4550
iter step 11650, train loss 0.1525, dev loss 0.9543, dev p 0.4684, dev r 0.4569, dev f1 0.4626
iter step 11700, train loss 0.1507, dev loss 0.7712, dev p 0.5042, dev r 0.4394, dev f1 0.4696
iter step 11750, train loss 0.1491, dev loss 0.8184, dev p 0.4952, dev r 0.4383, dev f1 0.4650
iter step 11800, train loss 0.1616, dev loss 0.7828, dev p 0.5219, dev r 0.4331, dev f1 0.4734
>> new best
iter step 11850, train loss 0.1714, dev loss 0.8416, dev p 0.4899, dev r 0.4415, dev f1 0.4644
iter step 11900, train loss 0.1611, dev loss 0.8156, dev p 0.4606, dev r 0.4537, dev f1 0.4571
iter step 11950, train loss 0.1585, dev loss 0.8528, dev p 0.4926, dev r 0.4222, dev f1 0.4547
iter step 12000, train loss 0.1517, dev loss 0.9428, dev p 0.4598, dev r 0.4580, dev f1 0.4589
iter step 12050, train loss 0.1438, dev loss 0.7956, dev p 0.4805, dev r 0.4490, dev f1 0.4642
iter step 12100, train loss 0.1490, dev loss 0.8693, dev p 0.4943, dev r 0.4361, dev f1 0.4633
iter step 12150, train loss 0.1548, dev loss 0.8128, dev p 0.4845, dev r 0.4541, dev f1 0.4688
iter step 12200, train loss 0.1565, dev loss 0.8791, dev p 0.4933, dev r 0.4338, dev f1 0.4616
iter step 12250, train loss 0.1495, dev loss 0.9305, dev p 0.5088, dev r 0.4355, dev f1 0.4693
iter step 12300, train loss 0.1469, dev loss 0.8863, dev p 0.4990, dev r 0.4383, dev f1 0.4667
iter step 12350, train loss 0.1598, dev loss 0.8421, dev p 0.4782, dev r 0.4460, dev f1 0.4615
iter step 12400, train loss 0.1619, dev loss 0.8445, dev p 0.4435, dev r 0.4766, dev f1 0.4594
iter step 12450, train loss 0.1549, dev loss 0.8145, dev p 0.4932, dev r 0.4477, dev f1 0.4693
iter step 12500, train loss 0.1624, dev loss 0.8100, dev p 0.4623, dev r 0.4822, dev f1 0.4720
iter step 12550, train loss 0.1701, dev loss 0.8329, dev p 0.4935, dev r 0.4458, dev f1 0.4684
iter step 12600, train loss 0.1766, dev loss 0.7803, dev p 0.4836, dev r 0.4563, dev f1 0.4696
iter step 12650, train loss 0.1785, dev loss 0.7983, dev p 0.5146, dev r 0.4299, dev f1 0.4684
iter step 12700, train loss 0.1705, dev loss 0.8489, dev p 0.4486, dev r 0.4717, dev f1 0.4598
iter step 12750, train loss 0.1650, dev loss 0.9132, dev p 0.4915, dev r 0.4569, dev f1 0.4736
>> new best
iter step 12800, train loss 0.1715, dev loss 0.7932, dev p 0.4809, dev r 0.4588, dev f1 0.4696
iter step 12850, train loss 0.1758, dev loss 0.8005, dev p 0.4950, dev r 0.4539, dev f1 0.4735
iter step 12900, train loss 0.1774, dev loss 0.7849, dev p 0.4884, dev r 0.4571, dev f1 0.4722
iter step 12950, train loss 0.1654, dev loss 0.8296, dev p 0.4939, dev r 0.4558, dev f1 0.4741
>> new best
>>>>>>>>>>>>>>>>>>>>>>>>>>>>>>>epoch 9>>>>>>>>>>>>>>>>>>>>>>>>>>>>>>>>
iter step 13000, train loss 0.1568, dev loss 0.8591, dev p 0.4906, dev r 0.4524, dev f1 0.4707
iter step 13050, train loss 0.1467, dev loss 0.9010, dev p 0.4910, dev r 0.4529, dev f1 0.4712
iter step 13100, train loss 0.1235, dev loss 0.9073, dev p 0.4805, dev r 0.4691, dev f1 0.4747
>> new best
iter step 13150, train loss 0.1284, dev loss 0.8477, dev p 0.4979, dev r 0.4239, dev f1 0.4579
iter step 13200, train loss 0.1331, dev loss 0.8741, dev p 0.4687, dev r 0.4520, dev f1 0.4602
iter step 13250, train loss 0.1295, dev loss 0.8524, dev p 0.4866, dev r 0.4393, dev f1 0.4617
iter step 13300, train loss 0.1359, dev loss 0.8741, dev p 0.4692, dev r 0.4537, dev f1 0.4613
iter step 13350, train loss 0.1361, dev loss 0.9152, dev p 0.4675, dev r 0.4488, dev f1 0.4580
iter step 13400, train loss 0.1279, dev loss 0.8925, dev p 0.4780, dev r 0.4413, dev f1 0.4589
iter step 13450, train loss 0.1224, dev loss 0.9173, dev p 0.4723, dev r 0.4526, dev f1 0.4622
iter step 13500, train loss 0.1235, dev loss 0.8915, dev p 0.5060, dev r 0.4346, dev f1 0.4676
iter step 13550, train loss 0.1319, dev loss 0.9109, dev p 0.4902, dev r 0.4393, dev f1 0.4633
iter step 13600, train loss 0.1323, dev loss 0.9448, dev p 0.4819, dev r 0.4511, dev f1 0.4660
iter step 13650, train loss 0.1330, dev loss 0.9102, dev p 0.4595, dev r 0.4544, dev f1 0.4570
iter step 13700, train loss 0.1305, dev loss 0.9414, dev p 0.4769, dev r 0.4312, dev f1 0.4529
iter step 13750, train loss 0.1275, dev loss 0.8564, dev p 0.4657, dev r 0.4580, dev f1 0.4618
iter step 13800, train loss 0.1345, dev loss 0.9372, dev p 0.4814, dev r 0.4484, dev f1 0.4643
iter step 13850, train loss 0.1357, dev loss 0.8635, dev p 0.4704, dev r 0.4503, dev f1 0.4601
iter step 13900, train loss 0.1235, dev loss 0.9142, dev p 0.4589, dev r 0.4601, dev f1 0.4595
iter step 13950, train loss 0.1120, dev loss 0.9520, dev p 0.4944, dev r 0.4394, dev f1 0.4653
iter step 14000, train loss 0.1174, dev loss 0.8866, dev p 0.4604, dev r 0.4711, dev f1 0.4657
iter step 14050, train loss 0.1265, dev loss 0.9099, dev p 0.4697, dev r 0.4558, dev f1 0.4626
iter step 14100, train loss 0.1312, dev loss 0.8689, dev p 0.4850, dev r 0.4346, dev f1 0.4584
iter step 14150, train loss 0.1248, dev loss 0.9307, dev p 0.4836, dev r 0.4441, dev f1 0.4630
iter step 14200, train loss 0.1211, dev loss 0.8960, dev p 0.4905, dev r 0.4359, dev f1 0.4616
iter step 14250, train loss 0.1359, dev loss 0.8883, dev p 0.4867, dev r 0.4522, dev f1 0.4688
iter step 14300, train loss 0.1457, dev loss 0.9342, dev p 0.4911, dev r 0.4503, dev f1 0.4698
iter step 14350, train loss 0.1356, dev loss 0.8659, dev p 0.4749, dev r 0.4565, dev f1 0.4655
iter step 14400, train loss 0.1312, dev loss 0.9550, dev p 0.4789, dev r 0.4505, dev f1 0.4643
iter step 14450, train loss 0.1380, dev loss 0.8578, dev p 0.4850, dev r 0.4514, dev f1 0.4676
iter step 14500, train loss 0.1413, dev loss 0.9228, dev p 0.4910, dev r 0.4381, dev f1 0.4630
iter step 14550, train loss 0.1564, dev loss 0.7806, dev p 0.4995, dev r 0.4466, dev f1 0.4715
iter step 14600, train loss 0.1518, dev loss 0.9411, dev p 0.4942, dev r 0.4593, dev f1 0.4761
>> new best
>>>>>>>>>>>>>>>>>>>>>>>>>>>>>>>epoch 10>>>>>>>>>>>>>>>>>>>>>>>>>>>>>>>
iter step 14650, train loss 0.1188, dev loss 1.0480, dev p 0.4564, dev r 0.4728, dev f1 0.4645
iter step 14700, train loss 0.1094, dev loss 0.9237, dev p 0.4817, dev r 0.4556, dev f1 0.4682
iter step 14750, train loss 0.1111, dev loss 0.9097, dev p 0.4806, dev r 0.4475, dev f1 0.4634
iter step 14800, train loss 0.1064, dev loss 0.9537, dev p 0.4657, dev r 0.4659, dev f1 0.4658
iter step 14850, train loss 0.1118, dev loss 0.9121, dev p 0.4749, dev r 0.4462, dev f1 0.4601
iter step 14900, train loss 0.1131, dev loss 0.9301, dev p 0.4552, dev r 0.4574, dev f1 0.4563
iter step 14950, train loss 0.1085, dev loss 0.9044, dev p 0.4910, dev r 0.4207, dev f1 0.4531
iter step 15000, train loss 0.1147, dev loss 0.9102, dev p 0.4711, dev r 0.4325, dev f1 0.4510
iter step 15050, train loss 0.1178, dev loss 0.9152, dev p 0.4595, dev r 0.4494, dev f1 0.4544
iter step 15100, train loss 0.1087, dev loss 0.9746, dev p 0.4729, dev r 0.4486, dev f1 0.4605
iter step 15150, train loss 0.0920, dev loss 1.1134, dev p 0.4698, dev r 0.4569, dev f1 0.4633
iter step 15200, train loss 0.0959, dev loss 0.9580, dev p 0.4588, dev r 0.4683, dev f1 0.4635
iter step 15250, train loss 0.1078, dev loss 0.9145, dev p 0.4847, dev r 0.4451, dev f1 0.4640
iter step 15300, train loss 0.1101, dev loss 0.9189, dev p 0.4743, dev r 0.4651, dev f1 0.4697
iter step 15350, train loss 0.1115, dev loss 0.9211, dev p 0.4562, dev r 0.4550, dev f1 0.4556
iter step 15400, train loss 0.1180, dev loss 0.8691, dev p 0.4647, dev r 0.4511, dev f1 0.4578
iter step 15450, train loss 0.1168, dev loss 0.9830, dev p 0.4807, dev r 0.4541, dev f1 0.4670
iter step 15500, train loss 0.1075, dev loss 0.9795, dev p 0.4780, dev r 0.4513, dev f1 0.4642
iter step 15550, train loss 0.1030, dev loss 1.0166, dev p 0.4725, dev r 0.4546, dev f1 0.4634
iter step 15600, train loss 0.1047, dev loss 0.9782, dev p 0.4902, dev r 0.4394, dev f1 0.4634
iter step 15650, train loss 0.1149, dev loss 0.8834, dev p 0.4465, dev r 0.4468, dev f1 0.4466
iter step 15700, train loss 0.1146, dev loss 0.9381, dev p 0.4822, dev r 0.4595, dev f1 0.4706
iter step 15750, train loss 0.1081, dev loss 0.9473, dev p 0.4877, dev r 0.4642, dev f1 0.4756
iter step 15800, train loss 0.1011, dev loss 0.9234, dev p 0.4675, dev r 0.4685, dev f1 0.4680
iter step 15850, train loss 0.0971, dev loss 0.9440, dev p 0.4763, dev r 0.4663, dev f1 0.4712
iter step 15900, train loss 0.1058, dev loss 0.9395, dev p 0.4720, dev r 0.4657, dev f1 0.4688
iter step 15950, train loss 0.1218, dev loss 0.8636, dev p 0.4680, dev r 0.4655, dev f1 0.4667
iter step 16000, train loss 0.1205, dev loss 0.9793, dev p 0.4741, dev r 0.4610, dev f1 0.4674
iter step 16050, train loss 0.1073, dev loss 1.0342, dev p 0.4664, dev r 0.4571, dev f1 0.4617
iter step 16100, train loss 0.1183, dev loss 0.9390, dev p 0.4940, dev r 0.4406, dev f1 0.4658
iter step 16150, train loss 0.1181, dev loss 0.9403, dev p 0.4793, dev r 0.4479, dev f1 0.4631
iter step 16200, train loss 0.1049, dev loss 0.9351, dev p 0.4844, dev r 0.4469, dev f1 0.4649
>>>>>>>>>>>>>>>>>>>>>>>>>>>>>>>epoch 11>>>>>>>>>>>>>>>>>>>>>>>>>>>>>>>
iter step 16250, train loss 0.1217, dev loss 0.8708, dev p 0.4772, dev r 0.4653, dev f1 0.4712
iter step 16300, train loss 0.1113, dev loss 0.9993, dev p 0.4611, dev r 0.4631, dev f1 0.4621
iter step 16350, train loss 0.0887, dev loss 0.9706, dev p 0.4847, dev r 0.4507, dev f1 0.4671
iter step 16400, train loss 0.0877, dev loss 0.9979, dev p 0.4730, dev r 0.4706, dev f1 0.4718
iter step 16450, train loss 0.0808, dev loss 1.0319, dev p 0.4521, dev r 0.4721, dev f1 0.4618
iter step 16500, train loss 0.0802, dev loss 1.0211, dev p 0.4620, dev r 0.4644, dev f1 0.4632
iter step 16550, train loss 0.0786, dev loss 1.1043, dev p 0.4553, dev r 0.4657, dev f1 0.4604
iter step 16600, train loss 0.0742, dev loss 1.1191, dev p 0.4627, dev r 0.4627, dev f1 0.4627
iter step 16650, train loss 0.0816, dev loss 0.9934, dev p 0.4592, dev r 0.4618, dev f1 0.4605
iter step 16700, train loss 0.0846, dev loss 1.0338, dev p 0.4548, dev r 0.4709, dev f1 0.4627
iter step 16750, train loss 0.0869, dev loss 1.0019, dev p 0.4901, dev r 0.4488, dev f1 0.4685
iter step 16800, train loss 0.0943, dev loss 1.0202, dev p 0.4535, dev r 0.4679, dev f1 0.4606
iter step 16850, train loss 0.0888, dev loss 1.0463, dev p 0.4738, dev r 0.4653, dev f1 0.4695
iter step 16900, train loss 0.0852, dev loss 1.0286, dev p 0.4951, dev r 0.4314, dev f1 0.4610
iter step 16950, train loss 0.0907, dev loss 1.0558, dev p 0.4676, dev r 0.4743, dev f1 0.4709
iter step 17000, train loss 0.0922, dev loss 1.0291, dev p 0.4810, dev r 0.4589, dev f1 0.4697
iter step 17050, train loss 0.0909, dev loss 1.0256, dev p 0.4740, dev r 0.4563, dev f1 0.4650
iter step 17100, train loss 0.0906, dev loss 1.0406, dev p 0.4685, dev r 0.4552, dev f1 0.4618
iter step 17150, train loss 0.0950, dev loss 0.9767, dev p 0.4674, dev r 0.4621, dev f1 0.4647
iter step 17200, train loss 0.0940, dev loss 1.0768, dev p 0.4789, dev r 0.4524, dev f1 0.4652
iter step 17250, train loss 0.0903, dev loss 1.0064, dev p 0.4768, dev r 0.4672, dev f1 0.4719
iter step 17300, train loss 0.0916, dev loss 1.0785, dev p 0.4696, dev r 0.4640, dev f1 0.4668
iter step 17350, train loss 0.0858, dev loss 1.1541, dev p 0.4683, dev r 0.4513, dev f1 0.4596
iter step 17400, train loss 0.0862, dev loss 1.0838, dev p 0.4770, dev r 0.4394, dev f1 0.4575
iter step 17450, train loss 0.0901, dev loss 1.0851, dev p 0.4749, dev r 0.4584, dev f1 0.4665
iter step 17500, train loss 0.0924, dev loss 1.0244, dev p 0.4645, dev r 0.4589, dev f1 0.4617
iter step 17550, train loss 0.0958, dev loss 1.0352, dev p 0.4428, dev r 0.4786, dev f1 0.4600
iter step 17600, train loss 0.1034, dev loss 1.0492, dev p 0.4498, dev r 0.4743, dev f1 0.4617
iter step 17650, train loss 0.1100, dev loss 0.8962, dev p 0.4892, dev r 0.4445, dev f1 0.4658
iter step 17700, train loss 0.1073, dev loss 0.9078, dev p 0.4866, dev r 0.4539, dev f1 0.4697
iter step 17750, train loss 0.1057, dev loss 0.9983, dev p 0.4679, dev r 0.4597, dev f1 0.4638
iter step 17800, train loss 0.0969, dev loss 1.0047, dev p 0.4775, dev r 0.4552, dev f1 0.4661
iter step 17850, train loss 0.1006, dev loss 0.9762, dev p 0.4521, dev r 0.4651, dev f1 0.4585
>>>>>>>>>>>>>>>>>>>>>>>>>>>>>>>epoch 12>>>>>>>>>>>>>>>>>>>>>>>>>>>>>>>
iter step 17900, train loss 0.0918, dev loss 1.1061, dev p 0.4606, dev r 0.4651, dev f1 0.4628
iter step 17950, train loss 0.0774, dev loss 1.0778, dev p 0.4496, dev r 0.4646, dev f1 0.4569
iter step 18000, train loss 0.0747, dev loss 1.0989, dev p 0.4764, dev r 0.4661, dev f1 0.4712
iter step 18050, train loss 0.0687, dev loss 1.0544, dev p 0.4592, dev r 0.4604, dev f1 0.4598
iter step 18100, train loss 0.0740, dev loss 1.0490, dev p 0.4829, dev r 0.4453, dev f1 0.4633
iter step 18150, train loss 0.0746, dev loss 1.0695, dev p 0.4516, dev r 0.4640, dev f1 0.4577
iter step 18200, train loss 0.0696, dev loss 1.0699, dev p 0.4860, dev r 0.4588, dev f1 0.4720
iter step 18250, train loss 0.0682, dev loss 1.1185, dev p 0.4678, dev r 0.4674, dev f1 0.4676
iter step 18300, train loss 0.0753, dev loss 1.0994, dev p 0.4781, dev r 0.4580, dev f1 0.4678
iter step 18350, train loss 0.0804, dev loss 1.0058, dev p 0.4885, dev r 0.4443, dev f1 0.4653
iter step 18400, train loss 0.0767, dev loss 1.0242, dev p 0.4778, dev r 0.4561, dev f1 0.4667
iter step 18450, train loss 0.0813, dev loss 1.0246, dev p 0.4511, dev r 0.4809, dev f1 0.4655
iter step 18500, train loss 0.0901, dev loss 0.9646, dev p 0.4869, dev r 0.4588, dev f1 0.4724
iter step 18550, train loss 0.0840, dev loss 1.0223, dev p 0.4772, dev r 0.4574, dev f1 0.4671
iter step 18600, train loss 0.0747, dev loss 1.0917, dev p 0.4796, dev r 0.4509, dev f1 0.4648
iter step 18650, train loss 0.0749, dev loss 1.0677, dev p 0.4533, dev r 0.4610, dev f1 0.4571
iter step 18700, train loss 0.0757, dev loss 1.1126, dev p 0.4625, dev r 0.4648, dev f1 0.4636
iter step 18750, train loss 0.0707, dev loss 1.0828, dev p 0.4643, dev r 0.4558, dev f1 0.4600
iter step 18800, train loss 0.0742, dev loss 1.0173, dev p 0.4638, dev r 0.4593, dev f1 0.4615
iter step 18850, train loss 0.0762, dev loss 1.0393, dev p 0.4701, dev r 0.4689, dev f1 0.4695
iter step 18900, train loss 0.0786, dev loss 1.0865, dev p 0.4751, dev r 0.4601, dev f1 0.4675
iter step 18950, train loss 0.0791, dev loss 1.0669, dev p 0.4854, dev r 0.4499, dev f1 0.4670
iter step 19000, train loss 0.0756, dev loss 1.0722, dev p 0.4655, dev r 0.4642, dev f1 0.4648
iter step 19050, train loss 0.0764, dev loss 1.1069, dev p 0.4816, dev r 0.4646, dev f1 0.4729
iter step 19100, train loss 0.0659, dev loss 1.1465, dev p 0.4670, dev r 0.4606, dev f1 0.4638
iter step 19150, train loss 0.0665, dev loss 1.1801, dev p 0.4741, dev r 0.4604, dev f1 0.4672
iter step 19200, train loss 0.0798, dev loss 1.0624, dev p 0.4890, dev r 0.4619, dev f1 0.4751
iter step 19250, train loss 0.0826, dev loss 1.0431, dev p 0.4741, dev r 0.4610, dev f1 0.4674
iter step 19300, train loss 0.0825, dev loss 1.0163, dev p 0.4850, dev r 0.4591, dev f1 0.4717
iter step 19350, train loss 0.0810, dev loss 1.0461, dev p 0.4810, dev r 0.4625, dev f1 0.4716
iter step 19400, train loss 0.0716, dev loss 1.1224, dev p 0.4835, dev r 0.4552, dev f1 0.4689
iter step 19450, train loss 0.0679, dev loss 1.0925, dev p 0.4689, dev r 0.4629, dev f1 0.4658
>>>>>>>>>>>>>>>>>>>>>>>>>>>>>>>epoch 13>>>>>>>>>>>>>>>>>>>>>>>>>>>>>>>
iter step 19500, train loss 0.0753, dev loss 1.1128, dev p 0.4561, dev r 0.4786, dev f1 0.4671
iter step 19550, train loss 0.0687, dev loss 1.1473, dev p 0.4751, dev r 0.4606, dev f1 0.4678
iter step 19600, train loss 0.0585, dev loss 1.2020, dev p 0.4562, dev r 0.4741, dev f1 0.4650
iter step 19650, train loss 0.0677, dev loss 1.0469, dev p 0.4730, dev r 0.4679, dev f1 0.4705
iter step 19700, train loss 0.0696, dev loss 1.1210, dev p 0.4796, dev r 0.4610, dev f1 0.4701
iter step 19750, train loss 0.0628, dev loss 1.1321, dev p 0.4906, dev r 0.4529, dev f1 0.4710
iter step 19800, train loss 0.0646, dev loss 1.1283, dev p 0.4845, dev r 0.4565, dev f1 0.4701
iter step 19850, train loss 0.0635, dev loss 1.1529, dev p 0.4541, dev r 0.4640, dev f1 0.4590
iter step 19900, train loss 0.0594, dev loss 1.1718, dev p 0.4538, dev r 0.4670, dev f1 0.4603
iter step 19950, train loss 0.0587, dev loss 1.1193, dev p 0.4543, dev r 0.4589, dev f1 0.4566
iter step 20000, train loss 0.0623, dev loss 1.1507, dev p 0.4395, dev r 0.4711, dev f1 0.4548
iter step 20050, train loss 0.0698, dev loss 1.1760, dev p 0.4657, dev r 0.4595, dev f1 0.4626
iter step 20100, train loss 0.0726, dev loss 1.0258, dev p 0.4758, dev r 0.4543, dev f1 0.4648
iter step 20150, train loss 0.0630, dev loss 1.1819, dev p 0.4847, dev r 0.4582, dev f1 0.4711
iter step 20200, train loss 0.0623, dev loss 1.1106, dev p 0.4592, dev r 0.4756, dev f1 0.4673
iter step 20250, train loss 0.0693, dev loss 1.1310, dev p 0.4540, dev r 0.4700, dev f1 0.4619
iter step 20300, train loss 0.0749, dev loss 1.0363, dev p 0.4734, dev r 0.4606, dev f1 0.4669
iter step 20350, train loss 0.0725, dev loss 1.0974, dev p 0.4526, dev r 0.4764, dev f1 0.4642
iter step 20400, train loss 0.0612, dev loss 1.1335, dev p 0.4632, dev r 0.4702, dev f1 0.4666
iter step 20450, train loss 0.0581, dev loss 1.1553, dev p 0.4658, dev r 0.4625, dev f1 0.4642
iter step 20500, train loss 0.0668, dev loss 1.0945, dev p 0.4803, dev r 0.4612, dev f1 0.4705
iter step 20550, train loss 0.0734, dev loss 1.0715, dev p 0.4742, dev r 0.4567, dev f1 0.4653
iter step 20600, train loss 0.0657, dev loss 1.2063, dev p 0.4823, dev r 0.4599, dev f1 0.4708
iter step 20650, train loss 0.0665, dev loss 1.0682, dev p 0.4613, dev r 0.4513, dev f1 0.4562
iter step 20700, train loss 0.0683, dev loss 1.1804, dev p 0.4823, dev r 0.4666, dev f1 0.4743
iter step 20750, train loss 0.0604, dev loss 1.1255, dev p 0.4688, dev r 0.4638, dev f1 0.4663
iter step 20800, train loss 0.0626, dev loss 1.1501, dev p 0.4533, dev r 0.4689, dev f1 0.4610
iter step 20850, train loss 0.0605, dev loss 1.1989, dev p 0.4570, dev r 0.4597, dev f1 0.4583
iter step 20900, train loss 0.0587, dev loss 1.1074, dev p 0.4783, dev r 0.4419, dev f1 0.4594
iter step 20950, train loss 0.0628, dev loss 1.1311, dev p 0.4696, dev r 0.4618, dev f1 0.4656
iter step 21000, train loss 0.0669, dev loss 1.0870, dev p 0.4792, dev r 0.4721, dev f1 0.4756
iter step 21050, train loss 0.0629, dev loss 1.1580, dev p 0.4681, dev r 0.4706, dev f1 0.4693
iter step 21100, train loss 0.0610, dev loss 1.0662, dev p 0.4784, dev r 0.4588, dev f1 0.4684
>>>>>>>>>>>>>>>>>>>>>>>>>>>>>>>epoch 14>>>>>>>>>>>>>>>>>>>>>>>>>>>>>>>
iter step 21150, train loss 0.0606, dev loss 1.1517, dev p 0.4609, dev r 0.4745, dev f1 0.4676
iter step 21200, train loss 0.0481, dev loss 1.2219, dev p 0.4637, dev r 0.4788, dev f1 0.4711
iter step 21250, train loss 0.0481, dev loss 1.2138, dev p 0.4574, dev r 0.4747, dev f1 0.4659
iter step 21300, train loss 0.0476, dev loss 1.2973, dev p 0.4471, dev r 0.4818, dev f1 0.4638
iter step 21350, train loss 0.0455, dev loss 1.2752, dev p 0.4702, dev r 0.4719, dev f1 0.4710
iter step 21400, train loss 0.0469, dev loss 1.2664, dev p 0.4595, dev r 0.4781, dev f1 0.4686
iter step 21450, train loss 0.0468, dev loss 1.2074, dev p 0.4618, dev r 0.4766, dev f1 0.4690
iter step 21500, train loss 0.0566, dev loss 1.0979, dev p 0.4656, dev r 0.4648, dev f1 0.4652
iter step 21550, train loss 0.0669, dev loss 1.0859, dev p 0.4584, dev r 0.4732, dev f1 0.4657
iter step 21600, train loss 0.0572, dev loss 1.1842, dev p 0.4718, dev r 0.4762, dev f1 0.4740
iter step 21650, train loss 0.0481, dev loss 1.1834, dev p 0.4655, dev r 0.4578, dev f1 0.4616
iter step 21700, train loss 0.0473, dev loss 1.2071, dev p 0.4768, dev r 0.4638, dev f1 0.4702
iter step 21750, train loss 0.0496, dev loss 1.1653, dev p 0.4788, dev r 0.4488, dev f1 0.4633
iter step 21800, train loss 0.0521, dev loss 1.1773, dev p 0.4760, dev r 0.4663, dev f1 0.4711
iter step 21850, train loss 0.0479, dev loss 1.1606, dev p 0.4730, dev r 0.4610, dev f1 0.4669
iter step 21900, train loss 0.0487, dev loss 1.2253, dev p 0.4805, dev r 0.4539, dev f1 0.4668
iter step 21950, train loss 0.0556, dev loss 1.2392, dev p 0.4838, dev r 0.4514, dev f1 0.4671
iter step 22000, train loss 0.0563, dev loss 1.1946, dev p 0.4647, dev r 0.4769, dev f1 0.4708
iter step 22050, train loss 0.0507, dev loss 1.2611, dev p 0.4767, dev r 0.4638, dev f1 0.4702
iter step 22100, train loss 0.0464, dev loss 1.2659, dev p 0.4712, dev r 0.4702, dev f1 0.4707
iter step 22150, train loss 0.0497, dev loss 1.1562, dev p 0.4707, dev r 0.4571, dev f1 0.4638
iter step 22200, train loss 0.0563, dev loss 1.1516, dev p 0.4687, dev r 0.4644, dev f1 0.4665
iter step 22250, train loss 0.0554, dev loss 1.2382, dev p 0.4782, dev r 0.4687, dev f1 0.4734
iter step 22300, train loss 0.0507, dev loss 1.2139, dev p 0.4694, dev r 0.4717, dev f1 0.4705
iter step 22350, train loss 0.0529, dev loss 1.1812, dev p 0.4657, dev r 0.4674, dev f1 0.4665
iter step 22400, train loss 0.0534, dev loss 1.1975, dev p 0.4651, dev r 0.4567, dev f1 0.4608
iter step 22450, train loss 0.0480, dev loss 1.1863, dev p 0.4684, dev r 0.4621, dev f1 0.4652
iter step 22500, train loss 0.0505, dev loss 1.1701, dev p 0.4473, dev r 0.4685, dev f1 0.4576
iter step 22550, train loss 0.0552, dev loss 1.1833, dev p 0.4790, dev r 0.4582, dev f1 0.4684
iter step 22600, train loss 0.0541, dev loss 1.2235, dev p 0.4708, dev r 0.4618, dev f1 0.4663
iter step 22650, train loss 0.0512, dev loss 1.2485, dev p 0.4666, dev r 0.4636, dev f1 0.4651
iter step 22700, train loss 0.0548, dev loss 1.2049, dev p 0.4710, dev r 0.4672, dev f1 0.4691
>> early stop
